[17:05:05] [main/ERROR]: Failed to load properties from file: server.properties
[17:05:09] [main/WARN]: Ambiguity between arguments [teleport, destination] and [teleport, targets] with inputs: [Player, 0123, @e, dd12be42-52a9-4a91-a8a1-11c01849e498]
[17:05:09] [main/WARN]: Ambiguity between arguments [teleport, location] and [teleport, destination] with inputs: [0.1 -0.5 .9, 0 0 0]
[17:05:09] [main/WARN]: Ambiguity between arguments [teleport, location] and [teleport, targets] with inputs: [0.1 -0.5 .9, 0 0 0]
[17:05:09] [main/WARN]: Ambiguity between arguments [teleport, targets] and [teleport, destination] with inputs: [Player, 0123, dd12be42-52a9-4a91-a8a1-11c01849e498]
[17:05:09] [main/WARN]: Ambiguity between arguments [teleport, targets, location] and [teleport, targets, destination] with inputs: [0.1 -0.5 .9, 0 0 0]
[17:05:10] [Server thread/INFO]: Starting minecraft server version 1.14.4
[17:05:10] [Server thread/WARN]: To start the server with more ram, launch it as "java -Xmx1024M -Xms1024M -jar minecraft_server.jar"
[17:05:10] [Server thread/INFO]: Loading properties
[17:05:10] [Server thread/INFO]: Default game type: SURVIVAL
[17:05:10] [Server thread/INFO]: Generating keypair
[17:05:10] [Server console handler/ERROR]: Exception handling console input
java.io.IOException: The handle is invalid
	at java.io.FileInputStream.readBytes(Native Method) ~[?:1.8.0_221]
	at java.io.FileInputStream.read(Unknown Source) ~[?:1.8.0_221]
	at java.io.BufferedInputStream.read1(Unknown Source) ~[?:1.8.0_221]
	at java.io.BufferedInputStream.read(Unknown Source) ~[?:1.8.0_221]
	at sun.nio.cs.StreamDecoder.readBytes(Unknown Source) ~[?:1.8.0_221]
	at sun.nio.cs.StreamDecoder.implRead(Unknown Source) ~[?:1.8.0_221]
	at sun.nio.cs.StreamDecoder.read(Unknown Source) ~[?:1.8.0_221]
	at java.io.InputStreamReader.read(Unknown Source) ~[?:1.8.0_221]
	at java.io.BufferedReader.fill(Unknown Source) ~[?:1.8.0_221]
	at java.io.BufferedReader.readLine(Unknown Source) ~[?:1.8.0_221]
	at java.io.BufferedReader.readLine(Unknown Source) ~[?:1.8.0_221]
	at uk$2.run(SourceFile:109) [server.jar:?]
[17:05:10] [Server thread/INFO]: Starting Minecraft server on *:25565
[17:05:10] [Server thread/INFO]: Using default channel type
[17:05:11] [Server thread/INFO]: Preparing level "world"
[17:05:12] [Server thread/INFO]: Reloading ResourceManager: Default
[17:05:13] [Server thread/INFO]: Loaded 6 recipes
[17:05:13] [Server thread/INFO]: Loaded 811 advancements
[17:05:14] [Server thread/INFO]: Preparing start region for dimension minecraft:overworld
[17:05:16] [Server thread/INFO]: Preparing spawn area: 0%
[17:05:16] [Server thread/INFO]: Preparing spawn area: 0%
[17:05:16] [Server thread/INFO]: Preparing spawn area: 0%
[17:05:16] [Server thread/INFO]: Preparing spawn area: 0%
[17:05:16] [Server thread/INFO]: Preparing spawn area: 0%
[17:05:22] [Server-Worker-5/INFO]: Preparing spawn area: 0%
[17:05:22] [Server-Worker-5/INFO]: Preparing spawn area: 0%
[17:05:22] [Server-Worker-6/INFO]: Preparing spawn area: 0%
[17:05:22] [Server-Worker-2/INFO]: Preparing spawn area: 0%
[17:05:22] [Server-Worker-7/INFO]: Preparing spawn area: 0%
[17:05:22] [Server-Worker-6/INFO]: Preparing spawn area: 0%
[17:05:22] [Server-Worker-2/INFO]: Preparing spawn area: 0%
[17:05:22] [Server-Worker-1/INFO]: Preparing spawn area: 0%
[17:05:22] [Server-Worker-6/INFO]: Preparing spawn area: 0%
[17:05:22] [Server-Worker-1/INFO]: Preparing spawn area: 0%
[17:05:22] [Server-Worker-5/INFO]: Preparing spawn area: 0%
[17:05:22] [Server-Worker-5/INFO]: Preparing spawn area: 0%
[17:05:25] [Server-Worker-2/INFO]: Preparing spawn area: 83%
[17:05:25] [Server-Worker-2/INFO]: Preparing spawn area: 83%
[17:05:25] [Server-Worker-3/INFO]: Preparing spawn area: 83%
[17:05:25] [Server-Worker-3/INFO]: Preparing spawn area: 83%
[17:05:25] [Server-Worker-3/INFO]: Preparing spawn area: 83%
[17:05:25] [Server-Worker-7/INFO]: Preparing spawn area: 83%
[17:05:26] [Server-Worker-5/INFO]: Preparing spawn area: 83%
[17:05:26] [Server-Worker-5/INFO]: Preparing spawn area: 83%
[17:05:27] [Server-Worker-1/INFO]: Preparing spawn area: 83%
[17:05:27] [Server-Worker-3/INFO]: Preparing spawn area: 83%
[17:05:28] [Server-Worker-4/INFO]: Preparing spawn area: 84%
[17:05:28] [Server-Worker-5/INFO]: Preparing spawn area: 88%
[17:05:29] [Server-Worker-3/INFO]: Preparing spawn area: 92%
[17:05:29] [Server-Worker-1/INFO]: Preparing spawn area: 97%
[17:05:29] [Server thread/INFO]: Time elapsed: 15215 ms
[17:05:29] [Server thread/INFO]: Done (17.801s)! For help, type "help"
