[18:15:04] [main/WARN]: Ambiguity between arguments [teleport, location] and [teleport, destination] with inputs: [0.1 -0.5 .9, 0 0 0]
[18:15:04] [main/WARN]: Ambiguity between arguments [teleport, location] and [teleport, targets] with inputs: [0.1 -0.5 .9, 0 0 0]
[18:15:04] [main/WARN]: Ambiguity between arguments [teleport, targets] and [teleport, destination] with inputs: [Player, 0123, dd12be42-52a9-4a91-a8a1-11c01849e498]
[18:15:04] [main/WARN]: Ambiguity between arguments [teleport, targets, location] and [teleport, targets, destination] with inputs: [0.1 -0.5 .9, 0 0 0]
[18:15:04] [Server thread/INFO]: Starting minecraft server version 1.14.4
[18:15:04] [Server thread/WARN]: To start the server with more ram, launch it as "java -Xmx1024M -Xms1024M -jar minecraft_server.jar"
[18:15:04] [Server thread/INFO]: Loading properties
[18:15:04] [Server thread/INFO]: Default game type: SURVIVAL
[18:15:04] [Server thread/INFO]: Generating keypair
[18:15:04] [Server console handler/ERROR]: Exception handling console input
java.io.IOException: The handle is invalid
	at java.io.FileInputStream.readBytes(Native Method) ~[?:1.8.0_221]
	at java.io.FileInputStream.read(Unknown Source) ~[?:1.8.0_221]
	at java.io.BufferedInputStream.read1(Unknown Source) ~[?:1.8.0_221]
	at java.io.BufferedInputStream.read(Unknown Source) ~[?:1.8.0_221]
	at sun.nio.cs.StreamDecoder.readBytes(Unknown Source) ~[?:1.8.0_221]
	at sun.nio.cs.StreamDecoder.implRead(Unknown Source) ~[?:1.8.0_221]
	at sun.nio.cs.StreamDecoder.read(Unknown Source) ~[?:1.8.0_221]
	at java.io.InputStreamReader.read(Unknown Source) ~[?:1.8.0_221]
	at java.io.BufferedReader.fill(Unknown Source) ~[?:1.8.0_221]
	at java.io.BufferedReader.readLine(Unknown Source) ~[?:1.8.0_221]
	at java.io.BufferedReader.readLine(Unknown Source) ~[?:1.8.0_221]
	at uk$2.run(SourceFile:109) [server.jar:?]
[18:15:05] [Server thread/INFO]: Starting Minecraft server on 192.168.1.44:25565
[18:15:05] [Server thread/INFO]: Using default channel type
[18:15:06] [Server thread/WARN]: **** SERVER IS RUNNING IN OFFLINE/INSECURE MODE!
[18:15:06] [Server thread/WARN]: The server will make no attempt to authenticate usernames. Beware.
[18:15:06] [Server thread/WARN]: While this makes the game possible to play without internet access, it also opens up the ability for hackers to connect with any username they choose.
[18:15:06] [Server thread/WARN]: To change this, set "online-mode" to "true" in the server.properties file.
[18:15:06] [Server thread/INFO]: Preparing level "world"
[18:15:06] [Server thread/INFO]: Reloading ResourceManager: Default
[18:15:07] [Server thread/INFO]: Loaded 6 recipes
[18:15:07] [Server thread/INFO]: Loaded 811 advancements
[18:15:08] [Server thread/INFO]: Preparing start region for dimension minecraft:overworld
[18:15:09] [Server thread/INFO]: Preparing spawn area: 0%
[18:15:09] [Server thread/INFO]: Preparing spawn area: 0%
[18:15:09] [Server thread/INFO]: Preparing spawn area: 0%
[18:15:09] [Server thread/INFO]: Preparing spawn area: 0%
[18:15:10] [Server thread/INFO]: Preparing spawn area: 0%
[18:15:13] [Server-Worker-7/INFO]: Preparing spawn area: 0%
[18:15:13] [Server-Worker-5/INFO]: Preparing spawn area: 0%
[18:15:13] [Server-Worker-2/INFO]: Preparing spawn area: 0%
[18:15:13] [Server-Worker-5/INFO]: Preparing spawn area: 0%
[18:15:13] [Server-Worker-5/INFO]: Preparing spawn area: 0%
[18:15:13] [Server-Worker-6/INFO]: Preparing spawn area: 0%
[18:15:13] [Server-Worker-5/INFO]: Preparing spawn area: 0%
[18:15:14] [Server thread/INFO]: Time elapsed: 6024 ms
[18:15:14] [Server thread/INFO]: Done (7.824s)! For help, type "help"
[18:37:19] [Server thread/INFO]: paulyn[/192.168.1.6:58848] logged in with entity id 127 at (263.0530095507295, 69.0, 166.52351711128549)
[18:37:19] [Server thread/INFO]: paulyn joined the game
[18:37:51] [Server thread/INFO]: cydouzo[/192.168.1.44:52365] logged in with entity id 336 at (169.3000000119209, 60.0, -140.4592615860936)
[18:37:51] [Server thread/INFO]: cydouzo joined the game
[18:37:55] [Server thread/WARN]: Can't keep up! Is the server overloaded? Running 2558ms or 51 ticks behind
[18:38:24] [Server thread/WARN]: Can't keep up! Is the server overloaded? Running 14062ms or 281 ticks behind
[18:39:02] [Server thread/WARN]: Can't keep up! Is the server overloaded? Running 22414ms or 448 ticks behind
[18:39:32] [Server thread/WARN]: Can't keep up! Is the server overloaded? Running 15447ms or 308 ticks behind
[18:40:01] [Server thread/WARN]: Can't keep up! Is the server overloaded? Running 13437ms or 268 ticks behind
[18:40:28] [Server thread/WARN]: Can't keep up! Is the server overloaded? Running 12309ms or 246 ticks behind
[18:40:53] [Server thread/WARN]: Can't keep up! Is the server overloaded? Running 10100ms or 202 ticks behind
[18:41:31] [Server thread/WARN]: Can't keep up! Is the server overloaded? Running 22565ms or 451 ticks behind
[18:42:06] [Server thread/WARN]: Can't keep up! Is the server overloaded? Running 20261ms or 405 ticks behind
[18:42:36] [Server thread/WARN]: Can't keep up! Is the server overloaded? Running 14736ms or 294 ticks behind
[18:42:51] [Server thread/WARN]: paulyn moved too quickly! -5.544480632852839,0.0,8.428607233493679
[18:43:07] [Server thread/WARN]: Can't keep up! Is the server overloaded? Running 16521ms or 330 ticks behind
[18:43:32] [Server thread/WARN]: Can't keep up! Is the server overloaded? Running 9556ms or 191 ticks behind
[18:43:56] [Server thread/WARN]: Can't keep up! Is the server overloaded? Running 9718ms or 194 ticks behind
[18:44:39] [Server thread/WARN]: Can't keep up! Is the server overloaded? Running 28085ms or 561 ticks behind
[18:45:17] [Server thread/WARN]: Can't keep up! Is the server overloaded? Running 22353ms or 447 ticks behind
[18:45:33] [Server thread/INFO]: Unknown command
[18:45:33] [Server thread/INFO]: weqther cleqr<--[HERE]
[18:45:38] [Server thread/INFO]: Set the weather to clear
[18:45:44] [Server thread/WARN]: Can't keep up! Is the server overloaded? Running 12455ms or 249 ticks behind
[18:46:16] [Server thread/WARN]: Can't keep up! Is the server overloaded? Running 16443ms or 328 ticks behind
[18:46:51] [Server thread/WARN]: Can't keep up! Is the server overloaded? Running 20594ms or 411 ticks behind
[18:47:27] [Server thread/WARN]: Can't keep up! Is the server overloaded? Running 21110ms or 422 ticks behind
[18:47:56] [Server thread/WARN]: Can't keep up! Is the server overloaded? Running 13961ms or 279 ticks behind
[18:48:29] [Server thread/WARN]: Can't keep up! Is the server overloaded? Running 18084ms or 361 ticks behind
[18:48:59] [Server thread/WARN]: Can't keep up! Is the server overloaded? Running 15303ms or 306 ticks behind
[18:49:24] [Server thread/WARN]: Can't keep up! Is the server overloaded? Running 9982ms or 199 ticks behind
[18:49:46] [Server thread/WARN]: Can't keep up! Is the server overloaded? Running 7032ms or 140 ticks behind
[18:50:06] [Server thread/WARN]: Can't keep up! Is the server overloaded? Running 5104ms or 102 ticks behind
[18:50:25] [Server thread/WARN]: Can't keep up! Is the server overloaded? Running 3884ms or 77 ticks behind
[18:50:46] [Server thread/WARN]: Can't keep up! Is the server overloaded? Running 5235ms or 104 ticks behind
[18:51:03] [Server thread/INFO]: cydouzo has made the advancement [Isn't It Iron Pick]
[18:51:05] [Server thread/WARN]: Can't keep up! Is the server overloaded? Running 4732ms or 94 ticks behind
[18:51:23] [Server thread/WARN]: Can't keep up! Is the server overloaded? Running 2497ms or 49 ticks behind
[18:51:45] [Server thread/WARN]: Can't keep up! Is the server overloaded? Running 2010ms or 40 ticks behind
[18:52:06] [Server thread/WARN]: Can't keep up! Is the server overloaded? Running 5458ms or 109 ticks behind
[18:52:32] [Server thread/WARN]: Can't keep up! Is the server overloaded? Running 2007ms or 40 ticks behind
[18:52:51] [Server thread/WARN]: Can't keep up! Is the server overloaded? Running 4016ms or 80 ticks behind
[18:53:08] [Server thread/WARN]: Can't keep up! Is the server overloaded? Running 2835ms or 56 ticks behind
[18:54:14] [Server thread/INFO]: cydouzo was shot by Skeleton
[18:54:16] [Server thread/INFO]: paulyn was shot by Skeleton
[18:57:02] [Server thread/WARN]: Can't keep up! Is the server overloaded? Running 2034ms or 40 ticks behind
[18:58:14] [Server thread/WARN]: Can't keep up! Is the server overloaded? Running 2048ms or 40 ticks behind
[19:01:19] [Server thread/INFO]: cydouzo has made the advancement [Suit Up]
[19:01:24] [Server thread/INFO]: paulyn has made the advancement [Suit Up]
[19:05:00] [Server thread/WARN]: Can't keep up! Is the server overloaded? Running 2076ms or 41 ticks behind
[19:05:17] [Server thread/WARN]: Can't keep up! Is the server overloaded? Running 2133ms or 42 ticks behind
[19:05:34] [Server thread/WARN]: Can't keep up! Is the server overloaded? Running 2471ms or 49 ticks behind
[19:06:29] [Server thread/WARN]: Can't keep up! Is the server overloaded? Running 2069ms or 41 ticks behind
[19:06:53] [Server thread/WARN]: Can't keep up! Is the server overloaded? Running 2016ms or 40 ticks behind
[19:07:12] [Server thread/WARN]: Can't keep up! Is the server overloaded? Running 3936ms or 78 ticks behind
[19:07:24] [Server thread/WARN]: paulyn moved too quickly! 9.861924026145175,0.0,1.7744745957608217
[19:07:37] [Server thread/WARN]: Can't keep up! Is the server overloaded? Running 9664ms or 193 ticks behind
[19:07:59] [Server thread/WARN]: Can't keep up! Is the server overloaded? Running 6765ms or 135 ticks behind
[19:08:21] [Server thread/WARN]: Can't keep up! Is the server overloaded? Running 7232ms or 144 ticks behind
[19:08:50] [Server thread/WARN]: Can't keep up! Is the server overloaded? Running 14316ms or 286 ticks behind
[19:09:29] [Server thread/WARN]: Can't keep up! Is the server overloaded? Running 24084ms or 481 ticks behind
[19:10:05] [Server thread/WARN]: Can't keep up! Is the server overloaded? Running 20607ms or 412 ticks behind
[19:10:31] [Server thread/WARN]: Can't keep up! Is the server overloaded? Running 10792ms or 215 ticks behind
[19:10:51] [Server thread/WARN]: Can't keep up! Is the server overloaded? Running 5865ms or 117 ticks behind
[19:11:09] [Server thread/WARN]: Can't keep up! Is the server overloaded? Running 2397ms or 47 ticks behind
[19:12:34] [Server thread/INFO]: paulyn was pricked to death
[19:14:05] [Server thread/WARN]: Can't keep up! Is the server overloaded? Running 4945ms or 98 ticks behind
[19:14:44] [Server thread/WARN]: Can't keep up! Is the server overloaded? Running 2061ms or 41 ticks behind
[19:15:02] [Server thread/WARN]: Can't keep up! Is the server overloaded? Running 3105ms or 62 ticks behind
[19:15:20] [Server thread/WARN]: Can't keep up! Is the server overloaded? Running 2087ms or 41 ticks behind
[19:15:41] [Server thread/WARN]: Can't keep up! Is the server overloaded? Running 2108ms or 42 ticks behind
[19:16:00] [Server thread/WARN]: Can't keep up! Is the server overloaded? Running 3931ms or 78 ticks behind
[19:16:18] [Server thread/WARN]: Can't keep up! Is the server overloaded? Running 2111ms or 42 ticks behind
[19:17:25] [Server thread/WARN]: Can't keep up! Is the server overloaded? Running 2017ms or 40 ticks behind
[19:19:25] [Server thread/WARN]: Can't keep up! Is the server overloaded? Running 3306ms or 66 ticks behind
[19:21:51] [Server thread/WARN]: Can't keep up! Is the server overloaded? Running 2192ms or 43 ticks behind
[19:22:11] [Server thread/WARN]: Can't keep up! Is the server overloaded? Running 5744ms or 114 ticks behind
[19:22:31] [Server thread/WARN]: Can't keep up! Is the server overloaded? Running 4350ms or 87 ticks behind
[19:22:49] [Server thread/WARN]: Can't keep up! Is the server overloaded? Running 3781ms or 75 ticks behind
[19:23:07] [Server thread/WARN]: Can't keep up! Is the server overloaded? Running 3098ms or 61 ticks behind
[19:23:24] [Server thread/WARN]: Can't keep up! Is the server overloaded? Running 2034ms or 40 ticks behind
[19:24:08] [Server thread/WARN]: Can't keep up! Is the server overloaded? Running 28236ms or 564 ticks behind
[19:24:52] [Server thread/WARN]: Can't keep up! Is the server overloaded? Running 29626ms or 592 ticks behind
[19:25:31] [Server thread/WARN]: Can't keep up! Is the server overloaded? Running 23844ms or 476 ticks behind
[19:26:10] [Server thread/WARN]: Can't keep up! Is the server overloaded? Running 24037ms or 480 ticks behind
[19:26:48] [Server thread/WARN]: Can't keep up! Is the server overloaded? Running 22989ms or 459 ticks behind
[19:27:12] [Server thread/WARN]: paulyn moved too quickly! -3.5201589900107138,-0.18888673974542058,9.464723732361847
[19:27:41] [Server thread/WARN]: Can't keep up! Is the server overloaded? Running 38509ms or 770 ticks behind
[19:28:53] [Server Watchdog/FATAL]: A single server tick took 60.00 seconds (should be max 0.05)
[19:28:53] [Server Watchdog/FATAL]: Considering it to be crashed, server will forcibly shutdown.
[19:28:54] [Server Watchdog/ERROR]: This crash report has been saved to: C:\Users\Hedi\Desktop\Minecraft server\.\crash-reports\crash-2019-10-20_19.28.54-server.txt
[19:28:54] [Server thread/INFO]: Stopping server
[19:28:54] [Server thread/INFO]: Saving players
[19:28:54] [Server thread/INFO]: cydouzo lost connection: Internal Exception: java.lang.StackOverflowError
[19:28:54] [Server thread/INFO]: cydouzo left the game
[19:28:54] [Server thread/INFO]: Saving worlds
[19:28:54] [Server thread/INFO]: Saving chunks for level 'world'/minecraft:the_nether
[19:28:54] [Server thread/INFO]: ThreadedAnvilChunkStorage (DIM-1): All chunks are saved
[19:28:54] [Server thread/INFO]: Saving chunks for level 'world'/minecraft:overworld
[19:29:02] [Server thread/INFO]: ThreadedAnvilChunkStorage (world): All chunks are saved
[19:29:02] [Server thread/INFO]: Saving chunks for level 'world'/minecraft:the_end
[19:29:02] [Server thread/INFO]: ThreadedAnvilChunkStorage (DIM1): All chunks are saved
[19:29:02] [Server thread/INFO]: ThreadedAnvilChunkStorage (DIM-1): All chunks are saved
[19:29:02] [Server thread/INFO]: ThreadedAnvilChunkStorage (world): All chunks are saved
[19:29:02] [Server thread/INFO]: ThreadedAnvilChunkStorage (DIM1): All chunks are saved
[19:29:06] [main/WARN]: Ambiguity between arguments [teleport, destination] and [teleport, targets] with inputs: [Player, 0123, @e, dd12be42-52a9-4a91-a8a1-11c01849e498]
[19:29:06] [main/WARN]: Ambiguity between arguments [teleport, location] and [teleport, destination] with inputs: [0.1 -0.5 .9, 0 0 0]
[19:29:06] [main/WARN]: Ambiguity between arguments [teleport, location] and [teleport, targets] with inputs: [0.1 -0.5 .9, 0 0 0]
[19:29:06] [main/WARN]: Ambiguity between arguments [teleport, targets] and [teleport, destination] with inputs: [Player, 0123, dd12be42-52a9-4a91-a8a1-11c01849e498]
[19:29:06] [main/WARN]: Ambiguity between arguments [teleport, targets, location] and [teleport, targets, destination] with inputs: [0.1 -0.5 .9, 0 0 0]
[19:29:07] [Server thread/INFO]: Starting minecraft server version 1.14.4
[19:29:07] [Server thread/WARN]: To start the server with more ram, launch it as "java -Xmx1024M -Xms1024M -jar minecraft_server.jar"
[19:29:07] [Server thread/INFO]: Loading properties
[19:29:07] [Server thread/INFO]: Default game type: SURVIVAL
[19:29:07] [Server thread/INFO]: Generating keypair
[19:29:07] [Server console handler/ERROR]: Exception handling console input
java.io.IOException: The handle is invalid
	at java.io.FileInputStream.readBytes(Native Method) ~[?:1.8.0_221]
	at java.io.FileInputStream.read(Unknown Source) ~[?:1.8.0_221]
	at java.io.BufferedInputStream.read1(Unknown Source) ~[?:1.8.0_221]
	at java.io.BufferedInputStream.read(Unknown Source) ~[?:1.8.0_221]
	at sun.nio.cs.StreamDecoder.readBytes(Unknown Source) ~[?:1.8.0_221]
	at sun.nio.cs.StreamDecoder.implRead(Unknown Source) ~[?:1.8.0_221]
	at sun.nio.cs.StreamDecoder.read(Unknown Source) ~[?:1.8.0_221]
	at java.io.InputStreamReader.read(Unknown Source) ~[?:1.8.0_221]
	at java.io.BufferedReader.fill(Unknown Source) ~[?:1.8.0_221]
	at java.io.BufferedReader.readLine(Unknown Source) ~[?:1.8.0_221]
	at java.io.BufferedReader.readLine(Unknown Source) ~[?:1.8.0_221]
	at uk$2.run(SourceFile:109) [server.jar:?]
[19:29:07] [Server thread/INFO]: Starting Minecraft server on 192.168.1.44:25565
[19:29:07] [Server thread/INFO]: Using default channel type
[19:29:09] [Server thread/WARN]: **** SERVER IS RUNNING IN OFFLINE/INSECURE MODE!
[19:29:09] [Server thread/WARN]: The server will make no attempt to authenticate usernames. Beware.
[19:29:09] [Server thread/WARN]: While this makes the game possible to play without internet access, it also opens up the ability for hackers to connect with any username they choose.
[19:29:09] [Server thread/WARN]: To change this, set "online-mode" to "true" in the server.properties file.
[19:29:09] [Server thread/INFO]: Preparing level "world"
[19:29:09] [Server thread/INFO]: Reloading ResourceManager: Default
[19:29:10] [Server thread/INFO]: Loaded 6 recipes
[19:29:11] [Server thread/INFO]: Loaded 811 advancements
[19:29:12] [Server thread/INFO]: Preparing start region for dimension minecraft:overworld
[19:29:14] [Server thread/INFO]: Preparing spawn area: 0%
[19:29:14] [Server thread/INFO]: Preparing spawn area: 0%
[19:29:14] [Server thread/INFO]: Preparing spawn area: 0%
[19:29:14] [Server thread/INFO]: Preparing spawn area: 0%
[19:29:14] [Server thread/INFO]: Preparing spawn area: 0%
[19:29:14] [Server thread/INFO]: Preparing spawn area: 0%
[19:29:21] [Server-Worker-2/INFO]: Preparing spawn area: 0%
[19:29:21] [Server-Worker-6/INFO]: Preparing spawn area: 0%
[19:29:21] [Server-Worker-2/INFO]: Preparing spawn area: 0%
[19:29:21] [Server-Worker-6/INFO]: Preparing spawn area: 0%
[19:29:21] [Server-Worker-4/INFO]: Preparing spawn area: 0%
[19:29:21] [Server-Worker-3/INFO]: Preparing spawn area: 0%
[19:29:21] [Server-Worker-4/INFO]: Preparing spawn area: 0%
[19:29:21] [Server-Worker-5/INFO]: Preparing spawn area: 0%
[19:29:21] [Server-Worker-4/INFO]: Preparing spawn area: 0%
[19:29:21] [Server-Worker-1/INFO]: Preparing spawn area: 0%
[19:29:21] [Server-Worker-5/INFO]: Preparing spawn area: 0%
[19:29:21] [Server-Worker-1/INFO]: Preparing spawn area: 0%
[19:29:21] [Server-Worker-4/INFO]: Preparing spawn area: 0%
[19:29:21] [Server thread/INFO]: Time elapsed: 9353 ms
[19:29:21] [Server thread/INFO]: Done (11.981s)! For help, type "help"
[19:29:21] [Server thread/INFO]: paulyn[/192.168.1.6:58882] logged in with entity id 179 at (261.9338697323747, 63.04179834445885, 252.52932852715537)
[19:29:21] [Server thread/INFO]: paulyn joined the game
[19:29:29] [Server thread/INFO]: cydouzo[/192.168.1.44:52445] logged in with entity id 478 at (21.30000001192093, 28.24918707874468, -15.410776714965262)
[19:29:29] [Server thread/INFO]: cydouzo joined the game
[19:29:34] [Server thread/WARN]: Can't keep up! Is the server overloaded? Running 2140ms or 42 ticks behind
[19:29:56] [Server thread/WARN]: Can't keep up! Is the server overloaded? Running 7125ms or 142 ticks behind
[19:30:20] [Server thread/WARN]: Can't keep up! Is the server overloaded? Running 8177ms or 163 ticks behind
[19:30:40] [Server thread/WARN]: Can't keep up! Is the server overloaded? Running 5296ms or 105 ticks behind
[19:31:03] [Server thread/WARN]: Can't keep up! Is the server overloaded? Running 2208ms or 44 ticks behind
[19:31:24] [Server thread/WARN]: Can't keep up! Is the server overloaded? Running 6089ms or 121 ticks behind
[19:31:44] [Server thread/WARN]: Can't keep up! Is the server overloaded? Running 4984ms or 99 ticks behind
[19:32:03] [Server thread/WARN]: Can't keep up! Is the server overloaded? Running 3450ms or 69 ticks behind
[19:32:14] [Server thread/INFO]: paulyn was slain by Wolf
[19:32:51] [Server thread/INFO]: paulyn was shot by Skeleton
[19:33:46] [Server thread/INFO]: paulyn was shot by Skeleton
[19:35:06] [Server thread/WARN]: Can't keep up! Is the server overloaded? Running 5654ms or 113 ticks behind
[19:36:09] [Server thread/WARN]: Can't keep up! Is the server overloaded? Running 2084ms or 41 ticks behind
[19:36:27] [Server thread/WARN]: Can't keep up! Is the server overloaded? Running 3426ms or 68 ticks behind
[19:38:51] [Server thread/INFO]: paulyn has made the advancement [Best Friends Forever]
[19:39:11] [Server thread/WARN]: Can't keep up! Is the server overloaded? Running 2066ms or 41 ticks behind
[19:39:33] [Server thread/WARN]: Can't keep up! Is the server overloaded? Running 6359ms or 127 ticks behind
[19:39:53] [Server thread/WARN]: Can't keep up! Is the server overloaded? Running 5248ms or 104 ticks behind
[19:40:14] [Server thread/WARN]: Can't keep up! Is the server overloaded? Running 6333ms or 126 ticks behind
[19:40:37] [Server thread/WARN]: Can't keep up! Is the server overloaded? Running 7411ms or 148 ticks behind
[19:41:10] [Server thread/WARN]: Can't keep up! Is the server overloaded? Running 18619ms or 372 ticks behind
[19:41:44] [Server thread/WARN]: Can't keep up! Is the server overloaded? Running 18829ms or 376 ticks behind
[19:42:12] [Server thread/WARN]: Can't keep up! Is the server overloaded? Running 12560ms or 251 ticks behind
[19:42:35] [Server thread/WARN]: Can't keep up! Is the server overloaded? Running 8217ms or 164 ticks behind
[19:42:55] [Server thread/WARN]: Can't keep up! Is the server overloaded? Running 4735ms or 94 ticks behind
[19:43:12] [Server thread/WARN]: Can't keep up! Is the server overloaded? Running 2284ms or 45 ticks behind
[19:43:32] [Server thread/WARN]: Can't keep up! Is the server overloaded? Running 5073ms or 101 ticks behind
[19:43:56] [Server thread/WARN]: Can't keep up! Is the server overloaded? Running 9048ms or 180 ticks behind
[19:44:17] [Server thread/WARN]: Can't keep up! Is the server overloaded? Running 6494ms or 129 ticks behind
[19:44:37] [Server thread/WARN]: Can't keep up! Is the server overloaded? Running 4563ms or 91 ticks behind
[19:44:54] [Server thread/WARN]: Can't keep up! Is the server overloaded? Running 2578ms or 51 ticks behind
[19:45:12] [Server thread/WARN]: Can't keep up! Is the server overloaded? Running 2407ms or 48 ticks behind
[19:45:33] [Server thread/WARN]: Can't keep up! Is the server overloaded? Running 6358ms or 127 ticks behind
[19:45:53] [Server thread/WARN]: Can't keep up! Is the server overloaded? Running 5152ms or 103 ticks behind
[19:46:11] [Server thread/WARN]: Can't keep up! Is the server overloaded? Running 2466ms or 49 ticks behind
[19:46:31] [Server thread/WARN]: Can't keep up! Is the server overloaded? Running 2229ms or 44 ticks behind
[19:47:34] [Server thread/WARN]: Can't keep up! Is the server overloaded? Running 4501ms or 90 ticks behind
[19:55:20] [Server thread/INFO]: cydouzo was slain by Drowned
[19:57:39] [Server thread/INFO]: paulyn was impaled by Drowned
[19:59:08] [Server thread/INFO]: paulyn lost connection: Disconnected
[19:59:08] [Server thread/INFO]: paulyn left the game
[20:15:55] [Server thread/INFO]: paulyn[/192.168.1.6:32780] logged in with entity id 8104 at (90.67162694134358, 64.0, 30.462387386051113)
[20:15:55] [Server thread/INFO]: paulyn joined the game
[20:19:47] [Server thread/INFO]: paulyn drowned
[20:19:57] [Server thread/INFO]: paulyn lost connection: Timed out
[20:19:57] [Server thread/INFO]: paulyn left the game
[20:19:57] [Server thread/WARN]: handleDisconnection() called twice
[20:21:14] [Server thread/INFO]: PaulderLahber[/119.95.4.226:56250] logged in with entity id 9269 at (78.69999998807907, 59.0, 19.9166537704018)
[20:21:14] [Server thread/INFO]: PaulderLahber joined the game
[20:21:28] [Server thread/INFO]: PaulderLahber suffocated in a wall
[20:21:33] [Server thread/INFO]: kirachan[/119.92.11.129:14439] logged in with entity id 9337 at (72.5, 63.0, 22.5)
[20:21:33] [Server thread/INFO]: kirachan joined the game
[20:22:00] [Server thread/INFO]: <kirachan> domo
[20:22:31] [Server thread/INFO]: cydouzo was slain by PaulderLahber
[20:22:34] [Server thread/INFO]: PaulderLahber has made the advancement [Isn't It Iron Pick]
[20:22:37] [Server thread/WARN]: Can't keep up! Is the server overloaded? Running 2474ms or 49 ticks behind
[20:22:52] [Server thread/INFO]: <kirachan> STOP KILLING HIM
[20:23:05] [Server thread/INFO]: kirachan has made the advancement [Stone Age]
[20:23:19] [Server thread/INFO]: kirachan has made the advancement [Getting an Upgrade]
[20:25:03] [Server thread/INFO]: PaulderLahber was slain by kirachan
[20:25:05] [Server thread/INFO]: kirachan has made the advancement [Isn't It Iron Pick]
[20:26:08] [Server thread/INFO]: paulyn[/192.168.1.6:32990] logged in with entity id 10132 at (133.85210771799495, 60.65111844242749, 39.97568072589864)
[20:26:08] [Server thread/INFO]: paulyn joined the game
[20:26:11] [Server thread/WARN]: Can't keep up! Is the server overloaded? Running 2090ms or 41 ticks behind
[20:27:41] [Server thread/WARN]: Can't keep up! Is the server overloaded? Running 2353ms or 47 ticks behind
[20:28:40] [Server thread/INFO]: PaulderLahber was slain by kirachan
[20:29:03] [Server thread/INFO]: PaulderLahber lost connection: Timed out
[20:29:03] [Server thread/INFO]: PaulderLahber left the game
[20:29:08] [Server thread/INFO]: PaulderLahber[/119.95.4.226:57494] logged in with entity id 10536 at (83.30447547989078, 63.0, 27.900473496039016)
[20:29:08] [Server thread/INFO]: PaulderLahber joined the game
[20:29:19] [Server thread/WARN]: Can't keep up! Is the server overloaded? Running 2016ms or 40 ticks behind
[20:29:42] [Server thread/INFO]: kirachan was slain by Wolf
[20:29:45] [Server thread/INFO]: paulyn has made the advancement [Isn't It Iron Pick]
[20:29:48] [Server thread/WARN]: Can't keep up! Is the server overloaded? Running 2119ms or 42 ticks behind
[20:32:48] [Server thread/WARN]: kirachan moved too quickly! -0.36162461680800106,7.0,7.154928773805818
[20:32:48] [Server thread/WARN]: Can't keep up! Is the server overloaded? Running 2363ms or 47 ticks behind
[20:33:07] [Server thread/INFO]: kirachan has made the advancement [Monster Hunter]
[20:33:46] [Server thread/WARN]: Can't keep up! Is the server overloaded? Running 2035ms or 40 ticks behind
[20:34:05] [Server thread/WARN]: Can't keep up! Is the server overloaded? Running 3609ms or 72 ticks behind
[20:34:23] [Server thread/WARN]: Can't keep up! Is the server overloaded? Running 2935ms or 58 ticks behind
[20:34:41] [Server thread/WARN]: Can't keep up! Is the server overloaded? Running 2240ms or 44 ticks behind
[20:35:00] [Server thread/WARN]: Can't keep up! Is the server overloaded? Running 3862ms or 77 ticks behind
[20:35:20] [Server thread/WARN]: Can't keep up! Is the server overloaded? Running 4652ms or 93 ticks behind
[20:35:42] [Server thread/WARN]: Can't keep up! Is the server overloaded? Running 7008ms or 140 ticks behind
[20:36:04] [Server thread/WARN]: Can't keep up! Is the server overloaded? Running 7251ms or 145 ticks behind
[20:36:26] [Server thread/WARN]: Can't keep up! Is the server overloaded? Running 7635ms or 152 ticks behind
[20:36:53] [Server thread/INFO]: paulyn lost connection: Disconnected
[20:36:53] [Server thread/INFO]: paulyn left the game
[20:36:58] [Server thread/INFO]: <kirachan> uhh you can make the tick speed faster
[20:37:08] [Server thread/INFO]: <kirachan> op
[20:37:13] [Server thread/INFO]: <kirachan> like commands
[20:37:58] [Server thread/INFO]: paulyn[/192.168.1.6:33010] logged in with entity id 12123 at (149.0192328132949, 64.00133597911214, 5.329807027314807)
[20:37:58] [Server thread/INFO]: paulyn joined the game
[20:38:07] [Server thread/WARN]: Can't keep up! Is the server overloaded? Running 2049ms or 40 ticks behind
[20:38:28] [Server thread/INFO]: <kirachan> try typing /op kirachan
[20:38:34] [Server thread/WARN]: PaulderLahber moved too quickly! -9.096708359425634,-1.0,4.063189453613713
[20:38:34] [Server thread/WARN]: Can't keep up! Is the server overloaded? Running 3688ms or 73 ticks behind
[20:39:04] [Server thread/INFO]: paulyn was slain by PaulderLahber
[20:39:08] [Server thread/INFO]: Made kirachan a server operator
[20:39:23] [Server thread/INFO]: [kirachan: Set own game mode to Creative Mode]
[20:39:23] [Server thread/WARN]: Can't keep up! Is the server overloaded? Running 2012ms or 40 ticks behind
[20:40:06] [Server thread/INFO]: [kirachan: Set own game mode to Survival Mode]
[20:40:23] [Server thread/INFO]: kirachan has made the advancement [Acquire Hardware]
[20:41:45] [Server thread/INFO]: [kirachan: Made PaulderLahber a server operator]
[20:42:44] [Server thread/WARN]: Can't keep up! Is the server overloaded? Running 2291ms or 45 ticks behind
[20:42:55] [Server thread/INFO]: [kirachan: Gamerule randomTickSpeed is now set to: 800]
[20:43:46] [Server thread/WARN]: Can't keep up! Is the server overloaded? Running 47064ms or 941 ticks behind
[20:44:58] [Server Watchdog/FATAL]: A single server tick took 60.39 seconds (should be max 0.05)
[20:44:58] [Server Watchdog/FATAL]: Considering it to be crashed, server will forcibly shutdown.
[20:44:58] [Server Watchdog/ERROR]: This crash report has been saved to: C:\Users\Hedi\Desktop\Minecraft server\.\crash-reports\crash-2019-10-20_20.44.58-server.txt
[20:44:58] [Server thread/INFO]: Stopping server
[20:44:58] [Server thread/INFO]: Saving players
[20:44:58] [Server thread/INFO]: cydouzo lost connection: Internal Exception: java.lang.StackOverflowError
[20:44:58] [Server thread/INFO]: cydouzo left the game
[20:44:58] [Server thread/INFO]: kirachan lost connection: Internal Exception: java.lang.StackOverflowError
[20:44:58] [Server thread/INFO]: kirachan left the game
[20:44:58] [Server thread/INFO]: Saving worlds
[20:44:58] [Server thread/INFO]: Saving chunks for level 'world'/minecraft:the_end
[20:44:58] [Server thread/INFO]: ThreadedAnvilChunkStorage (DIM1): All chunks are saved
[20:44:58] [Server thread/INFO]: Saving chunks for level 'world'/minecraft:overworld
[20:45:01] [Server thread/INFO]: ThreadedAnvilChunkStorage (world): All chunks are saved
[20:45:01] [Server thread/INFO]: Saving chunks for level 'world'/minecraft:the_nether
[20:45:01] [Server thread/INFO]: ThreadedAnvilChunkStorage (DIM-1): All chunks are saved
[20:45:01] [Server thread/INFO]: ThreadedAnvilChunkStorage (DIM1): All chunks are saved
[20:45:01] [Server thread/INFO]: ThreadedAnvilChunkStorage (world): All chunks are saved
[20:45:01] [Server thread/INFO]: ThreadedAnvilChunkStorage (DIM-1): All chunks are saved
