[22:33:00] [main/WARN]: Ambiguity between arguments [teleport, destination] and [teleport, targets] with inputs: [Player, 0123, @e, dd12be42-52a9-4a91-a8a1-11c01849e498]
[22:33:00] [main/WARN]: Ambiguity between arguments [teleport, location] and [teleport, destination] with inputs: [0.1 -0.5 .9, 0 0 0]
[22:33:00] [main/WARN]: Ambiguity between arguments [teleport, location] and [teleport, targets] with inputs: [0.1 -0.5 .9, 0 0 0]
[22:33:00] [main/WARN]: Ambiguity between arguments [teleport, targets] and [teleport, destination] with inputs: [Player, 0123, dd12be42-52a9-4a91-a8a1-11c01849e498]
[22:33:00] [main/WARN]: Ambiguity between arguments [teleport, targets, location] and [teleport, targets, destination] with inputs: [0.1 -0.5 .9, 0 0 0]
[22:33:00] [Server thread/INFO]: Starting minecraft server version 1.14.4
[22:33:00] [Server thread/WARN]: To start the server with more ram, launch it as "java -Xmx1024M -Xms1024M -jar minecraft_server.jar"
[22:33:00] [Server thread/INFO]: Loading properties
[22:33:00] [Server thread/INFO]: Default game type: SURVIVAL
[22:33:00] [Server thread/INFO]: Generating keypair
[22:33:00] [Server console handler/ERROR]: Exception handling console input
java.io.IOException: The handle is invalid
	at java.io.FileInputStream.readBytes(Native Method) ~[?:1.8.0_221]
	at java.io.FileInputStream.read(Unknown Source) ~[?:1.8.0_221]
	at java.io.BufferedInputStream.read1(Unknown Source) ~[?:1.8.0_221]
	at java.io.BufferedInputStream.read(Unknown Source) ~[?:1.8.0_221]
	at sun.nio.cs.StreamDecoder.readBytes(Unknown Source) ~[?:1.8.0_221]
	at sun.nio.cs.StreamDecoder.implRead(Unknown Source) ~[?:1.8.0_221]
	at sun.nio.cs.StreamDecoder.read(Unknown Source) ~[?:1.8.0_221]
	at java.io.InputStreamReader.read(Unknown Source) ~[?:1.8.0_221]
	at java.io.BufferedReader.fill(Unknown Source) ~[?:1.8.0_221]
	at java.io.BufferedReader.readLine(Unknown Source) ~[?:1.8.0_221]
	at java.io.BufferedReader.readLine(Unknown Source) ~[?:1.8.0_221]
	at uk$2.run(SourceFile:109) [server.jar:?]
[22:33:01] [Server thread/INFO]: Starting Minecraft server on 192.168.1.44:25565
[22:33:01] [Server thread/INFO]: Using default channel type
[22:33:03] [Server thread/WARN]: **** SERVER IS RUNNING IN OFFLINE/INSECURE MODE!
[22:33:03] [Server thread/WARN]: The server will make no attempt to authenticate usernames. Beware.
[22:33:03] [Server thread/WARN]: While this makes the game possible to play without internet access, it also opens up the ability for hackers to connect with any username they choose.
[22:33:03] [Server thread/WARN]: To change this, set "online-mode" to "true" in the server.properties file.
[22:33:03] [Server thread/INFO]: Preparing level "world"
[22:33:03] [Server thread/INFO]: Reloading ResourceManager: Default
[22:33:04] [Server thread/INFO]: Loaded 6 recipes
[22:33:05] [Server thread/INFO]: Loaded 811 advancements
[22:33:15] [main/WARN]: Ambiguity between arguments [teleport, destination] and [teleport, targets] with inputs: [Player, 0123, @e, dd12be42-52a9-4a91-a8a1-11c01849e498]
[22:33:15] [main/WARN]: Ambiguity between arguments [teleport, location] and [teleport, destination] with inputs: [0.1 -0.5 .9, 0 0 0]
[22:33:15] [main/WARN]: Ambiguity between arguments [teleport, location] and [teleport, targets] with inputs: [0.1 -0.5 .9, 0 0 0]
[22:33:15] [main/WARN]: Ambiguity between arguments [teleport, ta[22:33:23] [Server-Worker-5/INFO]: Preparing spawn area: 0%
[22:33:23] [Server-Worker-3/INFO]: Preparing spawn area: 0%
[22:33:23] [Server-Worker-7/INFO]: Preparing spawn area: 0%
[22:33:23] [Server-Worker-3/INFO]: Preparing spawn area: 0%
[22:33:23] [Server-Worker-3/INFO]: Preparing spawn area: 0%
[22:33:23] [Server-Worker-2/INFO]: Preparing spawn area: 0%
[22:33:23] [Server-Worker-4/INFO]: Preparing spawn area: 0%
[22:33:23] [Server-Worker-7/INFO]: Preparing spawn area: 0%
[22:33:23] [Server-Worker-2/INFO]: Preparing spawn area: 0%
[22:33:23] [Server-Worker-3/INFO]: Preparing spawn area: 0%
[22:33:23] [Server-Worker-5/INFO]: Preparing spawn area: 0%
[22:33:23] [Server-Worker-3/INFO]: Preparing spawn area: 0%
[22:33:23] [Server-Worker-1/INFO]: Preparing spawn area: 0%
[22:33:23] [Server-Worker-5/INFO]: Preparing spawn area: 0%
[22:33:23] [Server-Worker-6/INFO]: Preparing spawn area: 0%
[22:33:23] [Server-Worker-2/INFO]: Preparing spawn area: 0%
[22:33:23] [Server-Worker-7/INFO]: Preparing spawn area: 0%
[22:33:23] [Server-Worker-3/INFO]: Preparing spawn area: 0%
[22:33:23] [Server-Worker-3/INFO]: Preparing spawn area: 0%
[22:33:23] [Server-Worker-5/INFO]: Preparing spawn area: 0%
[22:33:23] [Server-Worker-6/INFO]: Preparing spawn area: 0%
[22:33:23] [Server-Worker-1/INFO]: Preparing spawn area: 0%
[22:33:23] [Server-Worker-5/INFO]: Preparing spawn area: 0%
[22:33:23] [Server-Worker-7/INFO]: Preparing spawn area: 0%
[22:33:23] [Server-Worker-1/INFO]: Preparing spawn area: 0%
[22:33:23] [Server-Worker-7/INFO]: Preparing spawn area: 0%
[22:33:23] [Server thread/INFO]: Preparing spawn area: 19%
[22:33:23] [Server thread/INFO]: Time elapsed: 16672 ms
[22:33:23] [Server thread/INFO]: Done (20.261s)! For help, type "help"
[22:33:26] [Server thread/INFO]: PaulderLahber[/119.95.4.226:61462] logged in with entity id 304 at (74.3732982885255, 91.65760146292874, -7.430617590441668)
[22:33:26] [Server thread/INFO]: PaulderLahber joined the game
[22:33:29] [Server thread/INFO]: cydouzo[/192.168.1.44:53581] logged in with entity id 322 at (89.82596722199077, 77.8225305211311, 24.28929761421202)
[22:33:29] [Server thread/INFO]: cydouzo joined the game
[22:33:32] [Server thread/INFO]: paulyn[/192.168.1.6:33102] logged in with entity id 330 at (-168.5007005399299, 60.0, 122.32705232243376)
[22:33:32] [Server thread/INFO]: paulyn joined the game
[22:33:44] [Server thread/INFO]: kirachan[/119.92.11.129:15538] logged in with entity id 504 at (86.46391001713577, 63.0, 34.23702399662309)
[22:33:44] [Server thread/INFO]: kirachan joined the game
[22:33:44] [Server thread/WARN]: Can't keep up! Is the server overloaded? Running 2178ms or 43 ticks behind
[22:33:49] [Server thread/WARN]: PaulderLahber moved too quickly! 7.806387729149009,0.0,6.363028983690462
[22:34:08] [Server thread/WARN]: kirachan moved too quickly! -1.4010602818892295,-10.245041523060564,-0.16680693945910718
[22:34:34] [Server thread/WARN]: Can't keep up! Is the server overloaded? Running 35290ms or 705 ticks behind
[22:35:40] [Server thread/WARN]: Can't keep up! Is the server overloaded? Running 51322ms or 1026 ticks behind
[22:35:59] [Server thread/INFO]: [PaulderLahber: Teleported paulyn to PaulderLahber]
[22:35:59] [Server thread/WARN]: cydouzo moved too quickly! 1.2909515629260824,-6.562534537257065,8.213087330239592
[22:36:21] [Server thread/WARN]: Can't keep up! Is the server overloaded? Running 26179ms or 523 ticks behind
[22:36:48] [Server thread/WARN]: Can't keep up! Is the server overloaded? Running 11165ms or 223 ticks behind
[22:37:13] [Server thread/WARN]: Can't keep up! Is the server overloaded? Running 10066ms or 201 ticks behind
[22:37:31] [Server thread/WARN]: kirachan moved too quickly! 2.415388457666623,2.5375544619438912,-9.493274685591707
[22:37:44] [Server thread/WARN]: Can't keep up! Is the server overloaded? Running 16045ms or 320 ticks behind
[22:38:20] [Server thread/WARN]: Can't keep up! Is the server overloaded? Running 21673ms or 433 ticks behind
[22:39:09] [Server thread/WARN]: Can't keep up! Is the server overloaded? Running 34189ms or 683 ticks behind
[22:40:11] [Server thread/WARN]: Can't keep up! Is the server overloaded? Running 46556ms or 931 ticks behind
[22:41:23] [Server thread/WARN]: Can't keep up! Is the server overloaded? Running 56776ms or 1135 ticks behind
[22:42:35] [Server Watchdog/FATAL]: A single server tick took 60.00 seconds (should be max 0.05)
[22:42:35] [Server Watchdog/FATAL]: Considering it to be crashed, server will forcibly shutdown.
[22:42:35] [Server Watchdog/ERROR]: This crash report has been saved to: C:\Users\Hedi\Desktop\Minecraft server\.\crash-reports\crash-2019-10-20_22.42.35-server.txt
[22:42:36] [Server thread/INFO]: Stopping server
[22:42:36] [Server thread/INFO]: Saving players
[22:42:36] [Server thread/INFO]: PaulderLahber lost connection: Internal Exception: java.lang.StackOverflowError
[22:42:36] [Server thread/INFO]: PaulderLahber left the game
[22:42:36] [Server thread/INFO]: paulyn lost connection: Internal Exception: java.lang.StackOverflowError
[22:42:36] [Server thread/INFO]: paulyn left the game
[22:42:36] [Server thread/INFO]: Saving worlds
[22:42:36] [Server thread/INFO]: Saving chunks for level 'world'/minecraft:overworld
