[00:03:49] [Server thread/INFO]: <Bai_Vasil> dude, where is my horse
[00:05:55] [Server thread/WARN]: Can't keep up! Is the server overloaded? Running 2439ms or 48 ticks behind
[00:10:59] [Server thread/WARN]: Bai_Vasil moved too quickly! -0.334900757457234,6.349514032660309,7.960450086249773
[00:10:59] [Server thread/WARN]: paulyn moved too quickly! -1.7473930199926784,0.0,10.02692659262813
[00:10:59] [Server thread/WARN]: Can't keep up! Is the server overloaded? Running 3398ms or 67 ticks behind
[00:13:01] [Server thread/INFO]: [Bai_Vasil: Set own game mode to Survival Mode]
[00:13:56] [Server thread/INFO]: [paulyn: Set own game mode to Creative Mode]
[00:16:03] [Server thread/WARN]: paulyn moved too quickly! 2.1201023322659296,0.0,-9.836851987571379
[00:16:03] [Server thread/WARN]: Can't keep up! Is the server overloaded? Running 3894ms or 77 ticks behind
[00:16:44] [Server thread/INFO]: [cydouzo: Teleported cydouzo to 75.5, 75.0, 75.5]
[00:16:44] [Server thread/WARN]: cydouzo moved too quickly! 163.9571901276496,16.863007541347294,-114.64814149281682
[00:21:16] [Server thread/WARN]: Horse (vehicle of Bai_Vasil) moved too quickly! -3.9529175973349737,-1.0,9.25508416511844
[00:21:16] [Server thread/WARN]: Can't keep up! Is the server overloaded? Running 13141ms or 262 ticks behind
[00:21:16] [Server thread/WARN]: Horse (vehicle of Bai_Vasil) moved too quickly! 0.20008429686666318,1.7384922093173572,10.28159265129564
[00:21:16] [Server thread/WARN]: Horse (vehicle of Bai_Vasil) moved too quickly! 0.43180445534596856,2.1309229419184987,10.981979893616362
[00:21:16] [Server thread/WARN]: Horse (vehicle of Bai_Vasil) moved too quickly! 0.5652815117286565,2.1384921854754992,11.379574487852068
[00:21:16] [Server thread/WARN]: Horse (vehicle of Bai_Vasil) moved too quickly! 0.6973696110981678,2.0616601839801376,11.755146932038798
[00:21:16] [Server thread/WARN]: Horse (vehicle of Bai_Vasil) moved too quickly! 0.8294589343439469,1.9110387268124924,12.1102564079114
[00:21:16] [Server thread/WARN]: Horse (vehicle of Bai_Vasil) moved too quickly! 0.9695381796936573,1.7384922093173572,12.438775245227482
[00:21:16] [Server thread/WARN]: Horse (vehicle of Bai_Vasil) moved too quickly! 1.3172806858489423,1.7384922093173572,12.850070327102777
[00:21:16] [Server thread/WARN]: Horse (vehicle of Bai_Vasil) moved too quickly! 1.720343414288834,1.7384922093173572,13.198844102838123
[00:21:16] [Server thread/WARN]: Horse (vehicle of Bai_Vasil) moved too quickly! 2.1289361845698807,1.7384922093173572,13.548042822089236
[00:21:16] [Server thread/WARN]: Horse (vehicle of Bai_Vasil) moved too quickly! 2.3820390070528816,1.6616602078219955,13.979726343933848
[00:21:16] [Server thread/WARN]: Horse (vehicle of Bai_Vasil) moved too quickly! 2.5152369396413263,1.5110387506543503,14.235335863216932
[00:21:16] [Server thread/WARN]: Horse (vehicle of Bai_Vasil) moved too quickly! 2.628848651064928,1.2895498988797556,14.487466234293677
[00:21:16] [Server thread/WARN]: Horse (vehicle of Bai_Vasil) moved too quickly! 2.7201977522096,1.0,14.734942213331916
[00:21:16] [Server thread/WARN]: Horse (vehicle of Bai_Vasil) moved too quickly! 2.788221338150734,0.7384922093173572,14.976393721873809
[00:21:16] [Server thread/WARN]: Horse (vehicle of Bai_Vasil) moved too quickly! 2.7064372238276206,0.7384922093173572,15.39381548723956
[00:21:16] [Server thread/WARN]: Horse (vehicle of Bai_Vasil) moved too quickly! 2.5202286248389356,0.7384922093173572,15.819264855237048
[00:21:16] [Server thread/WARN]: Horse (vehicle of Bai_Vasil) moved too quickly! 2.1980388810292055,0.7384922093173572,16.16576126501373
[00:21:16] [Server thread/WARN]: Horse (vehicle of Bai_Vasil) moved too quickly! 1.8027814367866455,0.7384922093173572,16.469435017329598
[00:21:16] [Server thread/WARN]: Horse (vehicle of Bai_Vasil) moved too quickly! 1.3668927338898698,0.7384922093173572,16.74725789685243
[00:21:16] [Server thread/WARN]: Horse (vehicle of Bai_Vasil) moved too quickly! 0.9086689643347938,1.7384922093173572,17.010085212927844
[00:21:16] [Server thread/WARN]: Horse (vehicle of Bai_Vasil) moved too quickly! 0.5163086534424508,1.7384922093173572,17.349398663100157
[00:21:16] [Server thread/WARN]: Horse (vehicle of Bai_Vasil) moved too quickly! 0.16075706327360706,1.7384922093173572,17.730789191679815
[00:21:16] [Server thread/WARN]: Horse (vehicle of Bai_Vasil) moved too quickly! -0.16606824840467027,1.7384922093173572,18.1409719129975
[00:21:16] [Server thread/WARN]: Horse (vehicle of Bai_Vasil) moved too quickly! -0.4726241074259292,1.6616602078219955,18.569724292824734
[00:21:16] [Server thread/WARN]: Horse (vehicle of Bai_Vasil) moved too quickly! -0.649328703647754,1.5110387506543503,18.820371820627596
[00:21:16] [Server thread/WARN]: Horse (vehicle of Bai_Vasil) moved too quickly! -0.8188567450726367,1.2895498988797556,19.065548908716814
[00:21:16] [Server thread/WARN]: Horse (vehicle of Bai_Vasil) moved too quickly! -0.9814140620906358,1.0,19.30615259492135
[00:21:16] [Server thread/WARN]: Horse (vehicle of Bai_Vasil) moved too quickly! -1.137174290820667,1.7384922093173572,19.542968852648933
[00:21:16] [Server thread/WARN]: Horse (vehicle of Bai_Vasil) moved too quickly! -1.3763648877114747,1.7384922093173572,19.980163837402934
[00:21:16] [Server thread/WARN]: Horse (vehicle of Bai_Vasil) moved too quickly! -1.6022674184959698,1.6616602078219955,20.441136023598254
[00:21:16] [Server thread/WARN]: Horse (vehicle of Bai_Vasil) moved too quickly! -1.7328173277424384,1.5110387506543503,20.710547225275068
[00:21:16] [Server thread/WARN]: Horse (vehicle of Bai_Vasil) moved too quickly! -1.8589157091980013,1.2895498988797556,20.973562317492288
[00:21:16] [Server thread/WARN]: Horse (vehicle of Bai_Vasil) moved too quickly! -1.9810442180552315,1.0,21.23087335912905
[00:21:16] [Server thread/WARN]: Horse (vehicle of Bai_Vasil) moved too quickly! -2.099632394427232,1.7384922093173572,21.483097528311557
[00:21:16] [Server thread/WARN]: Horse (vehicle of Bai_Vasil) moved too quickly! -2.302129022077665,1.7384922093173572,21.9355728018869
[00:21:16] [Server thread/WARN]: Horse (vehicle of Bai_Vasil) moved too quickly! -2.5072206191002095,1.6616602078219955,22.4052250524092
[00:21:16] [Server thread/WARN]: Horse (vehicle of Bai_Vasil) moved too quickly! -2.626635012615907,1.5110387506543503,22.67928078344557
[00:21:16] [Server thread/WARN]: Horse (vehicle of Bai_Vasil) moved too quickly! -2.7428027408565754,1.2895498988797556,22.94643786706501
[00:21:16] [Server thread/WARN]: Horse (vehicle of Bai_Vasil) moved too quickly! -2.856075092921529,1.0,23.20744273674073
[00:21:16] [Server thread/WARN]: Horse (vehicle of Bai_Vasil) moved too quickly! -2.966765348438571,0.6450842702082582,23.462961061863318
[00:21:16] [Server thread/WARN]: Horse (vehicle of Bai_Vasil) moved too quickly! -2.9934420213374864,0.2273911951868115,23.71358648641241
[00:21:16] [Server thread/WARN]: Horse (vehicle of Bai_Vasil) moved too quickly! -3.0031159903717253,-0.25059324336668,23.959848422104304
[00:21:16] [Server thread/WARN]: Horse (vehicle of Bai_Vasil) moved too quickly! -3.021417205239331,-0.26150779068264285,24.2022189983212
[00:21:16] [Server thread/WARN]: Horse (vehicle of Bai_Vasil) moved too quickly! -3.13447791804262,-0.26150779068264285,24.645906837436556
[00:21:16] [Server thread/WARN]: Horse (vehicle of Bai_Vasil) moved too quickly! -3.291714140190223,-0.26150779068264285,25.11085710698186
[00:21:16] [Server thread/WARN]: Horse (vehicle of Bai_Vasil) moved too quickly! -3.47258779662333,-0.26150779068264285,25.587184479123103
[00:21:16] [Server thread/WARN]: Horse (vehicle of Bai_Vasil) moved too quickly! -3.666109372863019,-0.26150779068264285,26.06959951202848
[00:21:16] [Server thread/WARN]: Horse (vehicle of Bai_Vasil) moved too quickly! -3.86639859881889,-0.3383397921780045,26.55527193083388
[00:21:16] [Server thread/WARN]: Horse (vehicle of Bai_Vasil) moved too quickly! -3.983243339325753,-0.48896124934564966,26.837899734510835
[00:21:16] [Server thread/WARN]: Horse (vehicle of Bai_Vasil) moved too quickly! -4.097119450947105,-0.7104501011202444,27.112701392731466
[00:21:16] [Server thread/WARN]: Horse (vehicle of Bai_Vasil) moved too quickly! -4.2083481392520525,-1.0,27.38052369423301
[00:21:16] [Server thread/WARN]: Horse (vehicle of Bai_Vasil) moved too quickly! -4.3172158553753945,-1.2615077906826428,27.64212180523308
[00:21:16] [Server thread/WARN]: Horse (vehicle of Bai_Vasil) moved too quickly! -4.511043776326247,-1.2615077906826428,28.102956760362254
[00:21:16] [Server thread/WARN]: Horse (vehicle of Bai_Vasil) moved too quickly! -4.711496921229198,-1.2615077906826428,28.57708210980994
[00:21:16] [Server thread/WARN]: Horse (vehicle of Bai_Vasil) moved too quickly! -4.915495091376215,-1.2615077906826428,29.058318884275586
[00:21:16] [Server thread/WARN]: Horse (vehicle of Bai_Vasil) moved too quickly! -5.009106407091721,-1.2615077906826428,29.56763830379824
[00:21:16] [Server thread/WARN]: Horse (vehicle of Bai_Vasil) moved too quickly! -5.0436519178773835,-1.2615077906826428,30.091984186783364
[00:21:16] [Server thread/WARN]: Horse (vehicle of Bai_Vasil) moved too quickly! -5.046592494090177,-0.26150779068264285,30.62437043077189
[00:21:16] [Server thread/WARN]: Horse (vehicle of Bai_Vasil) moved too quickly! -5.031048456244747,-0.26150779068264285,31.161058911625837
[00:21:16] [Server thread/WARN]: Horse (vehicle of Bai_Vasil) moved too quickly! -5.1194708404223235,-0.26150779068264285,31.675771970332704
[00:21:16] [Server thread/WARN]: Horse (vehicle of Bai_Vasil) moved too quickly! -5.263523584157582,-0.26150779068264285,32.17872641879132
[00:21:16] [Server thread/WARN]: Horse (vehicle of Bai_Vasil) moved too quickly! -5.43734302414245,-0.26150779068264285,32.675389069347496
[00:21:16] [Server thread/WARN]: Horse (vehicle of Bai_Vasil) moved too quickly! -5.614427921216631,-0.26150779068264285,33.173661688387355
[00:21:16] [Server thread/WARN]: Horse (vehicle of Bai_Vasil) moved too quickly! -5.784080202445111,-0.3383397921780045,33.67591306847035
[00:21:16] [Server thread/WARN]: Horse (vehicle of Bai_Vasil) moved too quickly! -5.881602949378134,-0.48896124934564966,33.968445171099766
[00:21:16] [Server thread/WARN]: Horse (vehicle of Bai_Vasil) moved too quickly! -5.97531893134871,-0.7104501011202444,34.253112710702396
[00:21:16] [Server thread/WARN]: Horse (vehicle of Bai_Vasil) moved too quickly! -6.065640040227947,-1.0,34.53076663279561
[00:21:16] [Server thread/WARN]: Horse (vehicle of Bai_Vasil) moved too quickly! -6.152933601197077,-1.2615077906826428,34.802165810613666
[00:21:16] [Server thread/WARN]: Horse (vehicle of Bai_Vasil) moved too quickly! -6.298233937609268,-1.2615077906826428,35.282073630446874
[00:21:16] [Server thread/WARN]: Horse (vehicle of Bai_Vasil) moved too quickly! -6.4434331871436115,-1.2615077906826428,35.77673676258965
[00:21:16] [Server thread/WARN]: Horse (vehicle of Bai_Vasil) moved too quickly! -6.58857834710507,-1.2615077906826428,36.27929516816008
[00:21:16] [Server thread/WARN]: Horse (vehicle of Bai_Vasil) moved too quickly! -6.6192531876902905,-1.2615077906826428,36.796088249990234
[00:21:16] [Server thread/WARN]: Horse (vehicle of Bai_Vasil) moved too quickly! -6.588677242669235,-1.2615077906826428,37.32049802327814
[00:21:16] [Server thread/WARN]: Horse (vehicle of Bai_Vasil) moved too quickly! -6.525327223479181,-1.2615077906826428,37.84898333630464
[00:21:16] [Server thread/WARN]: Horse (vehicle of Bai_Vasil) moved too quickly! -6.56754649773417,-1.2615077906826428,38.36701001703545
[00:21:16] [Server thread/WARN]: Horse (vehicle of Bai_Vasil) moved too quickly! -6.676040129545868,-1.2615077906826428,38.87604593843919
[00:21:16] [Server thread/WARN]: Horse (vehicle of Bai_Vasil) moved too quickly! -6.821815902849451,-1.2615077906826428,39.37958859480112
[00:21:16] [Server thread/WARN]: Horse (vehicle of Bai_Vasil) moved too quickly! -6.987540606739643,-1.2615077906826428,39.880191914563056
[00:21:16] [Server thread/WARN]: Horse (vehicle of Bai_Vasil) moved too quickly! -7.163939585647952,-1.2615077906826428,40.37922245391439
[00:21:16] [Server thread/WARN]: Horse (vehicle of Bai_Vasil) moved too quickly! -7.2328991014151995,-1.2615077906826428,40.89725759762143
[00:21:16] [Server thread/WARN]: Horse (vehicle of Bai_Vasil) moved too quickly! -7.254253925552405,-1.2615077906826428,41.42626709084483
[00:21:16] [Server thread/WARN]: Horse (vehicle of Bai_Vasil) moved too quickly! -7.381690587416728,-1.2615077906826428,41.927676656882745
[00:21:16] [Server thread/WARN]: Horse (vehicle of Bai_Vasil) moved too quickly! -7.611216439658833,-1.2615077906826428,42.38333200601455
[00:21:16] [Server thread/WARN]: Horse (vehicle of Bai_Vasil) moved too quickly! -7.920149296757629,-1.2615077906826428,42.78991341750811
[00:21:16] [Server thread/WARN]: Horse (vehicle of Bai_Vasil) moved too quickly! -8.279847576325025,-1.2615077906826428,43.16025645630171
[00:21:16] [Server thread/WARN]: Horse (vehicle of Bai_Vasil) moved too quickly! -8.68946053269822,-1.2615077906826428,43.47666352354018
[00:21:16] [Server thread/WARN]: Horse (vehicle of Bai_Vasil) moved too quickly! -9.134657731184902,-1.2615077906826428,43.74620692232528
[00:21:16] [Server thread/WARN]: Horse (vehicle of Bai_Vasil) moved too quickly! -9.605190030545657,-1.2615077906826428,43.97506886756538
[00:21:16] [Server thread/WARN]: Horse (vehicle of Bai_Vasil) moved too quickly! -10.093003898215315,-1.2615077906826428,44.171137199861754
[00:21:16] [Server thread/WARN]: Horse (vehicle of Bai_Vasil) moved too quickly! -10.590064788529773,-1.2615077906826428,44.34965832370604
[00:21:16] [Server thread/WARN]: Horse (vehicle of Bai_Vasil) moved too quickly! -11.092073576295718,-1.2615077906826428,44.51879028616122
[00:21:16] [Server thread/WARN]: Horse (vehicle of Bai_Vasil) moved too quickly! -11.594722666229302,-1.2615077906826428,44.6890504230814
[00:21:16] [Server thread/WARN]: Horse (vehicle of Bai_Vasil) moved too quickly! -11.993442021337486,-1.2615077906826428,44.873259477050986
[00:21:16] [Server thread/WARN]: Horse (vehicle of Bai_Vasil) moved too quickly! -12.217309136362857,-0.26150779068264285,45.076789536556355
[00:21:16] [Server thread/WARN]: Horse (vehicle of Bai_Vasil) moved too quickly! -12.552681355209174,-0.26150779068264285,45.306759499640776
[00:21:16] [Server thread/WARN]: Horse (vehicle of Bai_Vasil) moved too quickly! -12.947076360301153,-0.26150779068264285,45.552012031978904
[00:21:16] [Server thread/WARN]: Horse (vehicle of Bai_Vasil) moved too quickly! -13.298519657550472,-0.26150779068264285,45.892859177466605
[00:21:16] [Server thread/WARN]: Horse (vehicle of Bai_Vasil) moved too quickly! -13.626980352297863,-0.3383397921780045,46.28485709449967
[00:21:16] [Server thread/WARN]: Horse (vehicle of Bai_Vasil) moved too quickly! -13.816774160806034,-0.48896124934564966,46.51556910514243
[00:21:16] [Server thread/WARN]: Horse (vehicle of Bai_Vasil) moved too quickly! -13.993442021337486,-0.7104501011202444,46.733538101363536
[00:21:16] [Server thread/WARN]: Horse (vehicle of Bai_Vasil) moved too quickly! -14.015458593054262,-1.0,46.939174914986864
[00:21:16] [Server thread/WARN]: Horse (vehicle of Bai_Vasil) moved too quickly! -14.057641947305072,-1.2615077906826428,47.13270490145264
[00:21:16] [Server thread/WARN]: Horse (vehicle of Bai_Vasil) moved too quickly! -14.325038436055465,-1.2615077906826428,47.39659760522544
[00:21:16] [Server thread/WARN]: Horse (vehicle of Bai_Vasil) moved too quickly! -14.71943676023021,-1.2615077906826428,47.515600073867496
[00:21:16] [Server thread/WARN]: Horse (vehicle of Bai_Vasil) moved too quickly! -15.181791234397096,-1.2615077906826428,47.557074666490735
[00:21:16] [Server thread/WARN]: Horse (vehicle of Bai_Vasil) moved too quickly! -15.680507689525314,-1.2615077906826428,47.5570656383954
[00:21:16] [Server thread/WARN]: Horse (vehicle of Bai_Vasil) moved too quickly! -16.19868071568625,-0.26150779068264285,47.53486438270153
[00:21:16] [Server thread/WARN]: Horse (vehicle of Bai_Vasil) moved too quickly! -16.705966415475558,-0.26150779068264285,47.61367043220439
[00:21:16] [Server thread/WARN]: Horse (vehicle of Bai_Vasil) moved too quickly! -17.207426523993277,-0.26150779068264285,47.74652347684962
[00:21:16] [Server thread/WARN]: Horse (vehicle of Bai_Vasil) moved too quickly! -17.70576947477133,-0.26150779068264285,47.9082959910147
[00:21:16] [Server thread/WARN]: Horse (vehicle of Bai_Vasil) moved too quickly! -18.202444496592307,-0.26150779068264285,48.08554273672783
[00:21:16] [Server thread/WARN]: Horse (vehicle of Bai_Vasil) moved too quickly! -18.698227042883275,-0.26150779068264285,48.27106943521944
[00:21:16] [Server thread/WARN]: Horse (vehicle of Bai_Vasil) moved too quickly! -19.193532043312175,-0.3383397921780045,48.46102657135836
[00:21:16] [Server thread/WARN]: Horse (vehicle of Bai_Vasil) moved too quickly! -19.481562038539593,-0.48896124934564966,48.57173739758142
[00:21:16] [Server thread/WARN]: Horse (vehicle of Bai_Vasil) moved too quickly! -19.761429360500472,-0.7104501011202444,48.67953786526442
[00:21:16] [Server thread/WARN]: Horse (vehicle of Bai_Vasil) moved too quickly! -20.03401721023245,-1.0,48.784742875126604
[00:21:16] [Server thread/WARN]: Horse (vehicle of Bai_Vasil) moved too quickly! -20.300113226443614,-1.2615077906826428,48.88763325563746
[00:21:16] [Server thread/WARN]: Horse (vehicle of Bai_Vasil) moved too quickly! -20.803536869493456,-3.0768320014953616,39.27980428643522
[00:21:16] [Server thread/WARN]: Horse (vehicle of Bai_Vasil) moved too quickly! -21.07659590161944,-3.227453458663007,39.38649452461591
[00:21:16] [Server thread/WARN]: Horse (vehicle of Bai_Vasil) moved too quickly! -21.343112118301676,-3.4489423104376016,39.49070943177939
[00:21:16] [Server thread/WARN]: Horse (vehicle of Bai_Vasil) moved too quickly! -21.603793452003018,-3.738492209317357,39.5927168386781
[00:21:16] [Server thread/WARN]: Horse (vehicle of Bai_Vasil) moved too quickly! -21.859271236912036,-4.0,39.69275559678395
[00:21:16] [Server thread/WARN]: Horse (vehicle of Bai_Vasil) moved too quickly! -22.317127976806233,-4.0,39.872655662613255
[00:21:16] [Server thread/WARN]: Horse (vehicle of Bai_Vasil) moved too quickly! -22.79213963439122,-4.0,40.05960209979753
[00:21:16] [Server thread/WARN]: Horse (vehicle of Bai_Vasil) moved too quickly! -23.276330546400388,-4.076832001495362,40.25031890980436
[00:21:16] [Server thread/WARN]: Horse (vehicle of Bai_Vasil) moved too quickly! -23.55841361450544,-4.227453458663007,40.361436222367885
[00:21:16] [Server thread/WARN]: Horse (vehicle of Bai_Vasil) moved too quickly! -23.832977466705742,-4.448942310437602,40.46959919457976
[00:21:16] [Server thread/WARN]: Horse (vehicle of Bai_Vasil) moved too quickly! -24.10083568196893,-4.738492209317357,40.575127485990095
[00:21:16] [Server thread/WARN]: Horse (vehicle of Bai_Vasil) moved too quickly! -24.362713810039267,-5.0,40.678306168993906
[00:21:16] [Server thread/WARN]: Horse (vehicle of Bai_Vasil) moved too quickly! -24.826278376129224,-5.0,40.861006419927925
[00:21:16] [Server thread/WARN]: Horse (vehicle of Bai_Vasil) moved too quickly! -25.30434417770978,-5.0,41.04945118033206
[00:21:16] [Server thread/WARN]: Horse (vehicle of Bai_Vasil) moved too quickly! -25.790169301277913,-5.0,41.240969713220494
[00:21:16] [Server thread/WARN]: Horse (vehicle of Bai_Vasil) moved too quickly! -26.280146283337416,-5.0,41.434132960480866
[00:21:16] [Server thread/WARN]: Horse (vehicle of Bai_Vasil) moved too quickly! -26.772344842096516,-5.0,41.62817626160959
[00:21:16] [Server thread/WARN]: Horse (vehicle of Bai_Vasil) moved too quickly! -27.26573212225412,-5.076832001495362,41.822690462016894
[00:21:16] [Server thread/WARN]: Horse (vehicle of Bai_Vasil) moved too quickly! -27.55273598359959,-5.227453458663007,41.93583968247191
[00:21:16] [Server thread/WARN]: Horse (vehicle of Bai_Vasil) moved too quickly! -27.831688199338174,-5.448942310437602,42.04581471019364
[00:21:16] [Server thread/WARN]: Horse (vehicle of Bai_Vasil) moved too quickly! -28.103459957317597,-5.738492209317357,42.15295899275425
[00:21:16] [Server thread/WARN]: Horse (vehicle of Bai_Vasil) moved too quickly! -28.368828182882837,-6.093407939109099,42.2575788167074
[00:21:16] [Server thread/WARN]: Horse (vehicle of Bai_Vasil) moved too quickly! -28.62848573807655,-6.511101014130546,42.35994732840955
[00:21:16] [Server thread/WARN]: Horse (vehicle of Bai_Vasil) moved too quickly! -28.883050517286136,-6.989085452684037,42.460308119788394
[00:21:16] [Server thread/WARN]: Horse (vehicle of Bai_Vasil) moved too quickly! -29.13307355874221,-7.524973717900664,42.5588784261313
[00:21:16] [Server thread/WARN]: Horse (vehicle of Bai_Vasil) moved too quickly! -29.37904627835296,-8.0,42.655851977873155
[00:21:16] [Server thread/WARN]: Horse (vehicle of Bai_Vasil) moved too quickly! -29.82842640076987,-8.0,42.83301849258828
[00:21:16] [Server thread/WARN]: Horse (vehicle of Bai_Vasil) moved too quickly! -30.298902389348285,-8.0,43.018502261072484
[00:21:16] [Server thread/WARN]: Horse (vehicle of Bai_Vasil) moved too quickly! -30.780666355303524,-8.0,43.208436426220366
[00:21:16] [Server thread/WARN]: Horse (vehicle of Bai_Vasil) moved too quickly! -31.268470292895103,-8.0,43.40075190989165
[00:21:16] [Server thread/WARN]: Horse (vehicle of Bai_Vasil) moved too quickly! -31.757797901617906,-8.0,43.598560177672894
[00:21:16] [Server thread/WARN]: Horse (vehicle of Bai_Vasil) moved too quickly! -32.24485378273397,-8.0,43.80641750953832
[00:21:16] [Server thread/WARN]: Horse (vehicle of Bai_Vasil) moved too quickly! -32.72593464971514,-8.0,44.02956696725286
[00:21:16] [Server thread/WARN]: Horse (vehicle of Bai_Vasil) moved too quickly! -33.19667188692644,-8.076832001495362,44.2739825864208
[00:21:16] [Server thread/WARN]: Horse (vehicle of Bai_Vasil) moved too quickly! -33.47344831252626,-8.227453458663014,44.40886554167036
[00:21:16] [Server thread/WARN]: Horse (vehicle of Bai_Vasil) moved too quickly! -33.74455370556295,-8.448942310437609,44.53602533227546
[00:21:16] [Server thread/WARN]: Horse (vehicle of Bai_Vasil) moved too quickly! -34.00260600210183,-8.738492209317364,44.668035130680366
[00:21:16] [Server thread/WARN]: Horse (vehicle of Bai_Vasil) moved too quickly! -34.24867407700489,-9.0,44.8046651573322
[00:21:16] [Server thread/WARN]: Horse (vehicle of Bai_Vasil) moved too quickly! -34.62248610729813,-9.0,45.119654726866244
[00:21:16] [Server thread/WARN]: Horse (vehicle of Bai_Vasil) moved too quickly! -34.97072496853728,-9.0,45.48610034623407
[00:21:16] [Server thread/WARN]: Horse (vehicle of Bai_Vasil) moved too quickly! -35.30163155462186,-9.0,45.88275992285829
[00:21:16] [Server thread/WARN]: Horse (vehicle of Bai_Vasil) moved too quickly! -35.620092438464226,-9.0,46.297834620152784
[00:21:16] [Server thread/WARN]: Horse (vehicle of Bai_Vasil) moved too quickly! -35.92544669017232,-9.0,46.72710840999923
[00:21:16] [Server thread/WARN]: Horse (vehicle of Bai_Vasil) moved too quickly! -36.21997165362838,-9.0,47.16641620862234
[00:21:16] [Server thread/WARN]: Horse (vehicle of Bai_Vasil) moved too quickly! -36.50705015097837,-9.0,47.61211746089134
[00:21:16] [Server thread/WARN]: Horse (vehicle of Bai_Vasil) moved too quickly! -36.79014419278154,-9.0,48.06123972273454
[00:21:16] [Server thread/WARN]: Horse (vehicle of Bai_Vasil) moved too quickly! -37.07110623186307,-9.0,48.51219249859333
[00:21:16] [Server thread/WARN]: Horse (vehicle of Bai_Vasil) moved too quickly! -37.36124385020533,-9.0,48.9574237682393
[00:21:16] [Server thread/WARN]: Horse (vehicle of Bai_Vasil) moved too quickly! -37.667277928530126,-9.0,49.391609749783456
[00:21:16] [Server thread/WARN]: Horse (vehicle of Bai_Vasil) moved too quickly! -37.997215786179865,-9.0,49.807008652742724
[00:21:16] [Server thread/WARN]: Horse (vehicle of Bai_Vasil) moved too quickly! -38.35065897972994,-9.0,50.2020234725435
[00:21:16] [Server thread/WARN]: Horse (vehicle of Bai_Vasil) moved too quickly! -38.78124220611126,-9.0,50.486533364045314
[00:21:16] [Server thread/WARN]: Horse (vehicle of Bai_Vasil) moved too quickly! -39.25493307959614,-9.0,50.70557000755089
[00:21:16] [Server thread/WARN]: Horse (vehicle of Bai_Vasil) moved too quickly! -39.75237478955289,-9.0,50.88702712132871
[00:21:16] [Server thread/WARN]: Horse (vehicle of Bai_Vasil) moved too quickly! -40.263348002708085,-9.0,51.04516613896794
[00:21:16] [Server thread/WARN]: Horse (vehicle of Bai_Vasil) moved too quickly! -40.78218620916506,-9.0,51.188266580384045
[00:21:16] [Server thread/WARN]: Horse (vehicle of Bai_Vasil) moved too quickly! -41.30523281672677,-9.0,51.3233201795
[00:21:16] [Server thread/WARN]: Horse (vehicle of Bai_Vasil) moved too quickly! -41.774599071894556,-9.0,51.55441059745711
[00:21:16] [Server thread/WARN]: Horse (vehicle of Bai_Vasil) moved too quickly! -42.21524204076711,-9.0,51.83688840240852
[00:21:16] [Server thread/WARN]: Horse (vehicle of Bai_Vasil) moved too quickly! -42.45102130793782,-9.0,51.988036643838186
[00:21:16] [Server thread/WARN]: Horse (vehicle of Bai_Vasil) moved too quickly! -42.577182092869435,-9.0,52.06891305425637
[00:21:16] [Server thread/WARN]: Horse (vehicle of Bai_Vasil) moved too quickly! -42.64468821351166,-9.0,52.11218840896949
[00:21:16] [Server thread/WARN]: Horse (vehicle of Bai_Vasil) moved too quickly! -42.68080939274047,-9.0,52.13534418845899
[00:21:16] [Server thread/WARN]: Horse (vehicle of Bai_Vasil) moved too quickly! -42.70013711556719,-9.0,52.14773438438738
[00:21:16] [Server thread/WARN]: Horse (vehicle of Bai_Vasil) moved too quickly! -42.71047899469855,-9.0,52.154364131194804
[00:21:16] [Server thread/WARN]: Horse (vehicle of Bai_Vasil) moved too quickly! -42.71601272802691,-9.0,52.15791157652856
[00:21:16] [Server thread/WARN]: Horse (vehicle of Bai_Vasil) moved too quickly! -42.71601272802691,-9.0,52.15791157652856
[00:21:16] [Server thread/WARN]: Horse (vehicle of Bai_Vasil) moved too quickly! -42.71601272802691,-9.0,52.15791157652856
[00:21:16] [Server thread/WARN]: Horse (vehicle of Bai_Vasil) moved too quickly! -42.71601272802691,-9.0,52.15791157652856
[00:21:16] [Server thread/WARN]: Horse (vehicle of Bai_Vasil) moved too quickly! -42.71601272802691,-9.0,52.15791157652856
[00:21:16] [Server thread/WARN]: Horse (vehicle of Bai_Vasil) moved too quickly! -42.71601272802691,-9.0,52.15791157652856
[00:21:16] [Server thread/WARN]: Horse (vehicle of Bai_Vasil) moved too quickly! -42.71601272802691,-9.0,52.15791157652856
[00:21:16] [Server thread/WARN]: Horse (vehicle of Bai_Vasil) moved too quickly! -42.71601272802691,-9.0,52.15791157652856
[00:21:16] [Server thread/WARN]: Horse (vehicle of Bai_Vasil) moved too quickly! -42.71601272802691,-9.0,52.15791157652856
[00:21:16] [Server thread/WARN]: Horse (vehicle of Bai_Vasil) moved too quickly! -42.71601272802691,-9.0,52.15791157652856
[00:21:16] [Server thread/WARN]: Horse (vehicle of Bai_Vasil) moved too quickly! -42.71601272802691,-9.0,52.15791157652856
[00:21:16] [Server thread/WARN]: Horse (vehicle of Bai_Vasil) moved too quickly! -42.71601272802691,-9.0,52.15791157652856
[00:21:16] [Server thread/WARN]: Horse (vehicle of Bai_Vasil) moved too quickly! -42.71601272802691,-9.0,52.15791157652856
[00:21:16] [Server thread/WARN]: Horse (vehicle of Bai_Vasil) moved too quickly! -42.71601272802691,-9.0,52.15791157652856
[00:21:16] [Server thread/WARN]: Horse (vehicle of Bai_Vasil) moved too quickly! -42.71601272802691,-9.0,52.15791157652856
[00:21:16] [Server thread/WARN]: Horse (vehicle of Bai_Vasil) moved too quickly! -42.71601272802691,-9.0,52.15791157652856
[00:21:16] [Server thread/WARN]: Horse (vehicle of Bai_Vasil) moved too quickly! -42.738529651088044,-9.0,52.100347672602425
[00:21:16] [Server thread/WARN]: Horse (vehicle of Bai_Vasil) moved too quickly! -42.78321114983939,-9.0,52.01705243901571
[00:21:16] [Server thread/WARN]: Horse (vehicle of Bai_Vasil) moved too quickly! -42.85144358771443,-9.0,51.92940315701986
[00:21:16] [Server thread/WARN]: Horse (vehicle of Bai_Vasil) moved too quickly! -42.93552059521481,-9.0,51.843033962911825
[00:21:16] [Server thread/WARN]: Horse (vehicle of Bai_Vasil) moved too quickly! -43.0291949036267,-9.0,51.75873876613312
[00:21:16] [Server thread/WARN]: Horse (vehicle of Bai_Vasil) moved too quickly! -0.1359823308270336,-1.8153242108127188,-9.872041566334943
[00:21:16] [Server thread/WARN]: Horse moved wrongly!
[00:21:16] [Server thread/WARN]: Horse moved wrongly!
[00:21:16] [Server thread/WARN]: Horse moved wrongly!
[00:21:16] [Server thread/WARN]: Horse moved wrongly!
[00:21:16] [Server thread/WARN]: Horse moved wrongly!
[00:21:16] [Server thread/WARN]: Horse moved wrongly!
[00:21:16] [Server thread/WARN]: Horse moved wrongly!
[00:21:16] [Server thread/WARN]: Horse moved wrongly!
[00:21:16] [Server thread/WARN]: Horse moved wrongly!
[00:21:16] [Server thread/WARN]: Horse moved wrongly!
[00:21:16] [Server thread/WARN]: Horse moved wrongly!
[00:21:16] [Server thread/WARN]: Horse moved wrongly!
[00:21:16] [Server thread/WARN]: Horse moved wrongly!
[00:21:16] [Server thread/WARN]: Horse moved wrongly!
[00:21:16] [Server thread/WARN]: Horse moved wrongly!
[00:21:16] [Server thread/WARN]: Horse moved wrongly!
[00:21:16] [Server thread/WARN]: Horse moved wrongly!
[00:21:16] [Server thread/WARN]: Horse moved wrongly!
[00:21:16] [Server thread/WARN]: Horse moved wrongly!
[00:21:16] [Server thread/WARN]: Horse moved wrongly!
[00:21:16] [Server thread/WARN]: Horse moved wrongly!
[00:21:16] [Server thread/WARN]: Horse moved wrongly!
[00:21:16] [Server thread/WARN]: Horse moved wrongly!
[00:21:16] [Server thread/WARN]: Horse moved wrongly!
[00:21:16] [Server thread/WARN]: Horse moved wrongly!
[00:21:16] [Server thread/WARN]: Horse moved wrongly!
[00:21:16] [Server thread/WARN]: Horse moved wrongly!
[00:21:16] [Server thread/WARN]: Horse moved wrongly!
[00:21:16] [Server thread/WARN]: Horse moved wrongly!
[00:21:16] [Server thread/WARN]: Horse moved wrongly!
[00:21:16] [Server thread/WARN]: Horse moved wrongly!
[00:21:16] [Server thread/WARN]: Horse moved wrongly!
[00:21:16] [Server thread/WARN]: Horse moved wrongly!
[00:21:16] [Server thread/WARN]: Horse moved wrongly!
[00:21:16] [Server thread/WARN]: Horse moved wrongly!
[00:21:16] [Server thread/WARN]: Horse moved wrongly!
[00:21:16] [Server thread/WARN]: Horse moved wrongly!
[00:21:16] [Server thread/WARN]: Horse moved wrongly!
[00:21:16] [Server thread/WARN]: Horse moved wrongly!
[00:21:16] [Server thread/WARN]: Horse moved wrongly!
[00:21:16] [Server thread/WARN]: Horse moved wrongly!
[00:21:16] [Server thread/WARN]: Horse moved wrongly!
[00:21:16] [Server thread/WARN]: Horse moved wrongly!
[00:21:16] [Server thread/WARN]: Horse moved wrongly!
[00:21:16] [Server thread/WARN]: Horse moved wrongly!
[00:21:16] [Server thread/WARN]: Horse moved wrongly!
[00:21:16] [Server thread/WARN]: Horse moved wrongly!
[00:21:16] [Server thread/WARN]: Horse moved wrongly!
[00:21:16] [Server thread/WARN]: Horse moved wrongly!
[00:21:16] [Server thread/WARN]: Horse moved wrongly!
[00:21:16] [Server thread/WARN]: Horse moved wrongly!
[00:21:16] [Server thread/WARN]: Horse moved wrongly!
[00:21:16] [Server thread/WARN]: Horse moved wrongly!
[00:21:16] [Server thread/WARN]: Horse moved wrongly!
[00:21:16] [Server thread/WARN]: Horse moved wrongly!
[00:21:16] [Server thread/WARN]: Horse moved wrongly!
[00:21:16] [Server thread/WARN]: Horse moved wrongly!
[00:21:16] [Server thread/WARN]: Horse moved wrongly!
[00:21:16] [Server thread/WARN]: Horse moved wrongly!
[00:21:16] [Server thread/WARN]: Horse moved wrongly!
[00:21:16] [Server thread/WARN]: Horse moved wrongly!
[00:21:16] [Server thread/WARN]: Horse moved wrongly!
[00:21:16] [Server thread/WARN]: Horse moved wrongly!
[00:21:16] [Server thread/WARN]: Horse moved wrongly!
[00:21:16] [Server thread/WARN]: Horse moved wrongly!
[00:21:16] [Server thread/WARN]: Horse moved wrongly!
[00:21:16] [Server thread/WARN]: Horse moved wrongly!
[00:21:16] [Server thread/WARN]: Horse moved wrongly!
[00:21:16] [Server thread/WARN]: Horse moved wrongly!
[00:21:16] [Server thread/WARN]: Horse moved wrongly!
[00:21:16] [Server thread/WARN]: Horse moved wrongly!
[00:21:16] [Server thread/WARN]: Horse moved wrongly!
[00:21:16] [Server thread/WARN]: Horse moved wrongly!
[00:21:16] [Server thread/WARN]: Horse moved wrongly!
[00:21:16] [Server thread/WARN]: Horse moved wrongly!
[00:21:16] [Server thread/WARN]: Horse moved wrongly!
[00:21:16] [Server thread/WARN]: Horse moved wrongly!
[00:21:16] [Server thread/WARN]: Horse moved wrongly!
[00:21:16] [Server thread/WARN]: Horse moved wrongly!
[00:21:16] [Server thread/WARN]: Horse moved wrongly!
[00:21:16] [Server thread/WARN]: Horse moved wrongly!
[00:21:16] [Server thread/WARN]: Horse moved wrongly!
[00:21:16] [Server thread/WARN]: Horse moved wrongly!
[00:21:16] [Server thread/WARN]: Horse moved wrongly!
[00:21:16] [Server thread/WARN]: Horse moved wrongly!
[00:21:16] [Server thread/WARN]: Horse moved wrongly!
[00:21:16] [Server thread/WARN]: Horse moved wrongly!
[00:21:16] [Server thread/WARN]: Horse moved wrongly!
[00:21:16] [Server thread/WARN]: Horse moved wrongly!
[00:21:16] [Server thread/WARN]: Horse moved wrongly!
[00:21:16] [Server thread/WARN]: Horse moved wrongly!
[00:21:16] [Server thread/WARN]: Horse moved wrongly!
[00:21:16] [Server thread/WARN]: Horse moved wrongly!
[00:21:16] [Server thread/WARN]: Horse moved wrongly!
[00:21:16] [Server thread/WARN]: Horse moved wrongly!
[00:21:16] [Server thread/WARN]: Horse moved wrongly!
[00:21:16] [Server thread/WARN]: Horse moved wrongly!
[00:21:16] [Server thread/WARN]: Horse moved wrongly!
[00:21:16] [Server thread/WARN]: Horse moved wrongly!
[00:21:16] [Server thread/WARN]: Horse moved wrongly!
[00:21:16] [Server thread/WARN]: Horse moved wrongly!
[00:21:16] [Server thread/WARN]: Horse moved wrongly!
[00:21:16] [Server thread/WARN]: Horse moved wrongly!
[00:21:16] [Server thread/WARN]: Horse moved wrongly!
[00:21:16] [Server thread/WARN]: Horse moved wrongly!
[00:21:16] [Server thread/WARN]: Horse moved wrongly!
[00:21:16] [Server thread/WARN]: Horse moved wrongly!
[00:21:16] [Server thread/WARN]: Horse moved wrongly!
[00:21:16] [Server thread/WARN]: Horse moved wrongly!
[00:21:16] [Server thread/WARN]: Horse moved wrongly!
[00:21:16] [Server thread/WARN]: Horse moved wrongly!
[00:21:16] [Server thread/WARN]: Horse moved wrongly!
[00:21:16] [Server thread/WARN]: Horse moved wrongly!
[00:21:16] [Server thread/WARN]: Horse moved wrongly!
[00:21:16] [Server thread/WARN]: Horse moved wrongly!
[00:21:16] [Server thread/WARN]: Horse moved wrongly!
[00:21:16] [Server thread/WARN]: Horse moved wrongly!
[00:21:16] [Server thread/WARN]: Horse moved wrongly!
[00:21:16] [Server thread/WARN]: Horse moved wrongly!
[00:21:16] [Server thread/WARN]: Horse moved wrongly!
[00:21:16] [Server thread/WARN]: Horse moved wrongly!
[00:21:16] [Server thread/WARN]: Horse moved wrongly!
[00:21:16] [Server thread/WARN]: Horse moved wrongly!
[00:21:16] [Server thread/WARN]: Horse moved wrongly!
[00:21:16] [Server thread/WARN]: Horse moved wrongly!
[00:21:16] [Server thread/WARN]: Horse moved wrongly!
[00:21:16] [Server thread/WARN]: Horse moved wrongly!
[00:21:16] [Server thread/WARN]: Horse moved wrongly!
[00:21:16] [Server thread/WARN]: Horse moved wrongly!
[00:21:16] [Server thread/WARN]: Horse moved wrongly!
[00:21:16] [Server thread/WARN]: Horse moved wrongly!
[00:21:16] [Server thread/WARN]: Horse moved wrongly!
[00:21:16] [Server thread/WARN]: Horse moved wrongly!
[00:21:16] [Server thread/WARN]: Horse moved wrongly!
[00:21:16] [Server thread/WARN]: Horse moved wrongly!
[00:21:16] [Server thread/WARN]: Horse moved wrongly!
[00:21:16] [Server thread/WARN]: Horse moved wrongly!
[00:21:16] [Server thread/WARN]: Horse moved wrongly!
[00:21:16] [Server thread/WARN]: Horse moved wrongly!
[00:21:16] [Server thread/WARN]: Horse moved wrongly!
[00:21:16] [Server thread/WARN]: Horse moved wrongly!
[00:21:16] [Server thread/WARN]: Horse moved wrongly!
[00:21:16] [Server thread/WARN]: Horse moved wrongly!
[00:21:16] [Server thread/WARN]: Horse moved wrongly!
[00:21:16] [Server thread/WARN]: Horse moved wrongly!
[00:21:16] [Server thread/WARN]: Horse moved wrongly!
[00:21:16] [Server thread/WARN]: Horse moved wrongly!
[00:21:16] [Server thread/WARN]: Horse moved wrongly!
[00:21:16] [Server thread/WARN]: Horse moved wrongly!
[00:21:16] [Server thread/WARN]: Horse moved wrongly!
[00:21:16] [Server thread/WARN]: Horse moved wrongly!
[00:21:16] [Server thread/WARN]: Horse moved wrongly!
[00:21:16] [Server thread/WARN]: Horse moved wrongly!
[00:21:16] [Server thread/WARN]: Horse moved wrongly!
[00:21:16] [Server thread/WARN]: Horse moved wrongly!
[00:21:16] [Server thread/WARN]: Horse moved wrongly!
[00:21:16] [Server thread/WARN]: Horse moved wrongly!
[00:21:16] [Server thread/WARN]: Horse moved wrongly!
[00:21:16] [Server thread/WARN]: Horse moved wrongly!
[00:21:16] [Server thread/WARN]: Horse moved wrongly!
[00:21:16] [Server thread/WARN]: Horse moved wrongly!
[00:21:16] [Server thread/WARN]: Horse moved wrongly!
[00:21:16] [Server thread/WARN]: Horse moved wrongly!
[00:21:16] [Server thread/WARN]: Horse moved wrongly!
[00:21:16] [Server thread/WARN]: Horse moved wrongly!
[00:21:16] [Server thread/WARN]: Horse moved wrongly!
[00:21:16] [Server thread/WARN]: Horse moved wrongly!
[00:21:16] [Server thread/WARN]: Horse moved wrongly!
[00:21:16] [Server thread/WARN]: Horse moved wrongly!
[00:21:16] [Server thread/WARN]: Horse moved wrongly!
[00:21:16] [Server thread/WARN]: Horse moved wrongly!
[00:21:16] [Server thread/WARN]: Horse moved wrongly!
[00:21:16] [Server thread/WARN]: Horse moved wrongly!
[00:21:16] [Server thread/WARN]: Horse moved wrongly!
[00:21:16] [Server thread/WARN]: Horse moved wrongly!
[00:21:16] [Server thread/WARN]: Horse moved wrongly!
[00:21:16] [Server thread/WARN]: Horse moved wrongly!
[00:21:16] [Server thread/WARN]: Horse moved wrongly!
[00:21:16] [Server thread/WARN]: Horse moved wrongly!
[00:21:16] [Server thread/WARN]: Horse moved wrongly!
[00:21:16] [Server thread/WARN]: Horse moved wrongly!
[00:21:16] [Server thread/WARN]: Horse moved wrongly!
[00:21:16] [Server thread/WARN]: Horse moved wrongly!
[00:21:16] [Server thread/WARN]: Horse moved wrongly!
[00:21:16] [Server thread/WARN]: Horse moved wrongly!
[00:21:16] [Server thread/WARN]: Horse moved wrongly!
[00:21:16] [Server thread/WARN]: Horse moved wrongly!
[00:21:16] [Server thread/WARN]: Horse moved wrongly!
[00:21:16] [Server thread/WARN]: Horse moved wrongly!
[00:21:16] [Server thread/WARN]: Horse moved wrongly!
[00:21:16] [Server thread/WARN]: Horse moved wrongly!
[00:21:16] [Server thread/WARN]: Horse moved wrongly!
[00:21:16] [Server thread/WARN]: Horse moved wrongly!
[00:21:16] [Server thread/WARN]: Horse moved wrongly!
[00:21:16] [Server thread/WARN]: Horse moved wrongly!
[00:21:16] [Server thread/WARN]: Horse moved wrongly!
[00:21:16] [Server thread/WARN]: Horse moved wrongly!
[00:21:16] [Server thread/WARN]: Horse moved wrongly!
[00:21:16] [Server thread/WARN]: Horse moved wrongly!
[00:21:16] [Server thread/WARN]: Horse moved wrongly!
[00:21:16] [Server thread/WARN]: Horse moved wrongly!
[00:21:16] [Server thread/WARN]: Horse moved wrongly!
[00:21:16] [Server thread/WARN]: Horse moved wrongly!
[00:21:16] [Server thread/WARN]: Horse moved wrongly!
[00:21:16] [Server thread/WARN]: Horse moved wrongly!
[00:21:16] [Server thread/WARN]: Horse moved wrongly!
[00:21:16] [Server thread/WARN]: Horse moved wrongly!
[00:23:55] [Server thread/INFO]: cydouzo lost connection: Disconnected
[00:23:55] [Server thread/INFO]: cydouzo left the game
[00:24:55] [Server thread/INFO]: <paulyn> pls dont kill my dog
[00:25:05] [Server thread/INFO]: cydouzo[/192.168.1.44:57552] logged in with entity id 51362 at (298.3074492392823, 72.0, -103.66394956755249)
[00:25:05] [Server thread/INFO]: cydouzo joined the game
[00:25:35] [Server thread/INFO]: <Bai_Vasil> damn dog
[00:26:18] [Server thread/WARN]: cydouzo moved too quickly! -4.627244099715881,-2.7531999805212024,8.551682620664835
[00:26:18] [Server thread/WARN]: Can't keep up! Is the server overloaded? Running 2637ms or 52 ticks behind
[00:26:34] [Server thread/INFO]: [Bai_Vasil: Set own game mode to Creative Mode]
[00:28:22] [Server thread/INFO]: <Bai_Vasil> i didnt kill it
[00:28:31] [Server thread/INFO]: <paulyn> thank youuu
[00:28:48] [Server thread/INFO]: <Bai_Vasil> what are you doing
[00:29:20] [Server thread/INFO]: <paulyn> cabin
[00:29:30] [Server thread/INFO]: <paulyn> for my dogs
[00:29:37] [Server thread/INFO]: [cydouzo: Teleported cydouzo to Bai_Vasil]
[00:29:37] [Server thread/WARN]: cydouzo moved too quickly! -225.93767570434602,9.000510118330297,-283.8075437305587
[00:29:37] [Server thread/WARN]: cydouzo moved too quickly! -225.93767570434602,9.000510118330297,-283.8075437305587
[00:29:43] [Server thread/INFO]: <Bai_Vasil> nice
[00:38:00] [Server thread/INFO]: [cydouzo: Gave 2 [Wolf Spawn Egg] to cydouzo]
[00:39:31] [Server thread/INFO]: cydouzo was slain by Wolf
[00:39:37] [Server thread/INFO]: <Bai_Vasil> HAHA
[00:39:57] [Server thread/INFO]: [cydouzo: Teleported cydouzo to paulyn]
[00:39:57] [Server thread/WARN]: cydouzo moved too quickly! 346.3131496999813,-3.679502288477181,-1855.8663566354285
[00:40:13] [Server thread/INFO]: Bai_Vasil has reached the goal [Sky's the Limit]
[00:41:10] [Server thread/INFO]: [cydouzo: Gave 2 [Wolf Spawn Egg] to cydouzo]
[00:44:54] [Server thread/INFO]: <paulyn> so mean
[00:45:15] [Server thread/INFO]: [paulyn: Set own game mode to Survival Mode]
[00:47:12] [Server thread/INFO]: [paulyn: Set own game mode to Creative Mode]
[00:47:18] [Server thread/INFO]: <paulyn> t
[00:53:23] [Server thread/INFO]: <Bai_Vasil> I did a railway on the bridge
[00:53:30] [Server thread/INFO]: cydouzo was slain by Wolf
[00:53:39] [Server thread/INFO]: [cydouzo: Teleported cydouzo to paulyn]
[00:53:39] [Server thread/WARN]: cydouzo moved too quickly! 321.253124168049,-3.3735336753412497,-1835.7128445119336
[00:53:39] [Server thread/WARN]: cydouzo moved too quickly! 321.253124168049,-3.3735336753412497,-1835.7128445119336
[00:53:39] [Server thread/WARN]: cydouzo moved too quickly! 321.253124168049,-3.3735336753412497,-1835.7128445119336
[00:55:37] [Server thread/INFO]: [cydouzo: Gave 1000 experience points to cydouzo]
[00:59:00] [Server thread/INFO]: [Bai_Vasil: Set own game mode to Survival Mode]
[00:59:57] [Server thread/WARN]: Fetching packet for removed entity atx['Air'/59571, l='world', x=88.07, y=65.00, z=-51.68]
[00:59:57] [Server thread/WARN]: Fetching packet for removed entity atx['Air'/59571, l='world', x=88.07, y=65.00, z=-51.68]
[01:04:45] [Server thread/INFO]: <cydouzo> time to sleep now!
[01:04:50] [Server thread/WARN]: Horse moved wrongly!
[01:04:50] [Server thread/WARN]: Horse moved wrongly!
[01:04:50] [Server thread/WARN]: Horse moved wrongly!
[01:04:52] [Server thread/WARN]: Horse moved wrongly!
[01:04:52] [Server thread/WARN]: Horse moved wrongly!
[01:04:59] [Server thread/INFO]: <Bai_Vasil> not yet
[01:05:01] [Server thread/WARN]: Horse moved wrongly!
[01:05:01] [Server thread/WARN]: Horse moved wrongly!
[01:05:01] [Server thread/WARN]: Horse moved wrongly!
[01:05:02] [Server thread/WARN]: Horse moved wrongly!
[01:05:02] [Server thread/WARN]: Horse moved wrongly!
[01:05:02] [Server thread/WARN]: Horse moved wrongly!
[01:05:29] [Server thread/INFO]: <cydouzo> good night
[01:05:35] [Server thread/INFO]: <Bai_Vasil> good night
[01:05:36] [Server thread/INFO]: <paulyn> oyasumi
[01:05:37] [Server thread/WARN]: Fetching packet for removed entity atx['Air'/60887, l='world', x=76.08, y=63.00, z=30.16]
[01:05:37] [Server thread/WARN]: Fetching packet for removed entity atx['Air'/60887, l='world', x=76.08, y=63.00, z=30.16]
[01:05:39] [Server thread/INFO]: <cydouzo> ill leave the server running fo ryou
[01:05:49] [Server thread/INFO]: <Bai_Vasil> no its ok
[01:05:56] [Server thread/INFO]: <Bai_Vasil> i will also sleep
[01:06:20] [Server thread/INFO]: <cydouzo> ok. ill shutit down then
[01:06:20] [Server thread/WARN]: Can't keep up! Is the server overloaded? Running 2151ms or 43 ticks behind
[01:06:24] [Server thread/INFO]: <cydouzo> byby
[01:06:29] [Server thread/INFO]: paulyn lost connection: Disconnected
[01:06:29] [Server thread/INFO]: paulyn left the game
[01:06:30] [Server thread/INFO]: Bai_Vasil lost connection: Disconnected
[01:06:30] [Server thread/INFO]: Bai_Vasil left the game
[01:06:31] [Server thread/INFO]: cydouzo lost connection: Disconnected
[01:06:31] [Server thread/INFO]: cydouzo left the game
[01:06:36] [Server thread/INFO]: Stopping the server
[01:06:36] [Server thread/INFO]: Stopping server
[01:06:36] [Server thread/INFO]: Saving players
[01:06:36] [Server thread/INFO]: Saving worlds
[01:06:36] [Server thread/INFO]: Saving chunks for level 'world'/minecraft:overworld
[01:06:37] [Server thread/INFO]: ThreadedAnvilChunkStorage (world): All chunks are saved
[01:06:37] [Server thread/INFO]: Saving chunks for level 'world'/minecraft:the_nether
[01:06:37] [Server thread/INFO]: ThreadedAnvilChunkStorage (DIM-1): All chunks are saved
[01:06:37] [Server thread/INFO]: Saving chunks for level 'world'/minecraft:the_end
[01:06:37] [Server thread/INFO]: ThreadedAnvilChunkStorage (DIM1): All chunks are saved
[01:06:37] [Server thread/INFO]: ThreadedAnvilChunkStorage (world): All chunks are saved
[01:06:37] [Server thread/INFO]: ThreadedAnvilChunkStorage (DIM-1): All chunks are saved
[01:06:37] [Server thread/INFO]: ThreadedAnvilChunkStorage (DIM1): All chunks are saved
